#
# There is insufficient memory for the Java Runtime Environment to continue.
# Native memory allocation (mmap) failed to map 910163968 bytes. Error detail: G1 virtual space
# Possible reasons:
#   The system is out of physical RAM or swap space
#   This process is running with CompressedOops enabled, and the Java Heap may be blocking the growth of the native heap
# Possible solutions:
#   Reduce memory load on the system
#   Increase physical memory or swap space
#   Check if swap backing store is full
#   Decrease Java heap size (-Xmx/-Xms)
#   Decrease number of Java threads
#   Decrease Java thread stack sizes (-Xss)
#   Set larger code cache with -XX:ReservedCodeCacheSize=
#   JVM is running with Zero Based Compressed Oops mode in which the Java heap is
#     placed in the first 32GB address space. The Java Heap base address is the
#     maximum limit for the native heap growth. Please use -XX:HeapBaseMinAddress
#     to set the Java Heap base and to place the Java Heap above 32GB virtual address.
# This output file may be truncated or incomplete.
#
#  Out of Memory Error (os_windows.cpp:3631), pid=30640, tid=19724
#
# JRE version: OpenJDK Runtime Environment (22.0.2+9) (build 22.0.2+9-70)
# Java VM: OpenJDK 64-Bit Server VM (22.0.2+9-70, mixed mode, sharing, tiered, compressed oops, compressed class ptrs, g1 gc, windows-amd64)
# No core dump will be written. Minidumps are not enabled by default on client versions of Windows
#

---------------  S U M M A R Y ------------

Command Line: -javaagent:C:\Program Files\JetBrains\IntelliJ IDEA 2024.2\lib\idea_rt.jar=55286:C:\Program Files\JetBrains\IntelliJ IDEA 2024.2\bin -Dfile.encoding=UTF-8 -Dsun.stdout.encoding=UTF-8 -Dsun.stderr.encoding=UTF-8 org.example.App

Host: 12th Gen Intel(R) Core(TM) i7-1255U, 12 cores, 31G,  Windows 11 , 64 bit Build 22621 (10.0.22621.3958)
Time: Mon Aug 19 13:22:21 2024 West Bank Gaza Daylight Time elapsed time: 317.140284 seconds (0d 0h 5m 17s)

---------------  T H R E A D  ---------------

Current thread (0x0000023ac1cedc80):  VMThread "VM Thread"          [id=19724, stack(0x000000ed5c000000,0x000000ed5c100000) (1024K)]

Stack: [0x000000ed5c000000,0x000000ed5c100000]
Native frames: (J=compiled Java code, j=interpreted, Vv=VM code, C=native code)
V  [jvm.dll+0x6e26e9]  (no source info available)
V  [jvm.dll+0x875753]  (no source info available)
V  [jvm.dll+0x877b7e]  (no source info available)
V  [jvm.dll+0x878253]  (no source info available)
V  [jvm.dll+0x27fc86]  (no source info available)
V  [jvm.dll+0x6ded85]  (no source info available)
V  [jvm.dll+0x6d388a]  (no source info available)
V  [jvm.dll+0x358b8a]  (no source info available)
V  [jvm.dll+0x3610b6]  (no source info available)
V  [jvm.dll+0x3b419e]  (no source info available)
V  [jvm.dll+0x3b4448]  (no source info available)
V  [jvm.dll+0x32c5ec]  (no source info available)
V  [jvm.dll+0x32c677]  (no source info available)
V  [jvm.dll+0x37244c]  (no source info available)
V  [jvm.dll+0x370b46]  (no source info available)
V  [jvm.dll+0x32bcd7]  (no source info available)
V  [jvm.dll+0x370618]  (no source info available)
V  [jvm.dll+0x87e0f0]  (no source info available)
V  [jvm.dll+0x87f477]  (no source info available)
V  [jvm.dll+0x87f9f0]  (no source info available)
V  [jvm.dll+0x87fc93]  (no source info available)
V  [jvm.dll+0x81dc0b]  (no source info available)
V  [jvm.dll+0x6e0d85]  (no source info available)
C  [ucrtbase.dll+0x29333]  (no source info available)
C  [KERNEL32.DLL+0x1257d]  (no source info available)
C  [ntdll.dll+0x5af28]  (no source info available)

VM_Operation (0x000000ed5dbfc658): G1TryInitiateConcMark, mode: safepoint, requested by thread 0x0000023b0ac97ec0


---------------  P R O C E S S  ---------------

Threads class SMR info:
_java_thread_list=0x0000023b0ab76910, length=29, elements={
0x0000023ac48b6460, 0x0000023ac48b7430, 0x0000023ac48bccb0, 0x0000023ac48c1d30,
0x0000023ac48ccb10, 0x0000023ac48ce860, 0x0000023ac48d2d50, 0x0000023ac48d3930,
0x0000023ac1cd61b0, 0x0000023b0a0a86a0, 0x0000023b0a0a8d10, 0x0000023b0acc9200,
0x0000023b0acc9ee0, 0x0000023b0acca550, 0x0000023b0ac97ec0, 0x0000023b0ac95760,
0x0000023b0ac95df0, 0x0000023b0ac98be0, 0x0000023b0ac96480, 0x0000023b0b01bcb0,
0x0000023b0b021890, 0x0000023b0b01c9d0, 0x0000023b0b01c340, 0x0000023b0b0204e0,
0x0000023b0b01d060, 0x0000023b0b01d6f0, 0x0000023b0b020b70, 0x0000023b0b021200,
0x0000023b0b01f130
}

Java Threads: ( => current thread )
  0x0000023ac48b6460 JavaThread "Reference Handler"          daemon [_thread_blocked, id=20420, stack(0x000000ed5c100000,0x000000ed5c200000) (1024K)]
  0x0000023ac48b7430 JavaThread "Finalizer"                  daemon [_thread_blocked, id=3536, stack(0x000000ed5c200000,0x000000ed5c300000) (1024K)]
  0x0000023ac48bccb0 JavaThread "Signal Dispatcher"          daemon [_thread_blocked, id=19228, stack(0x000000ed5c300000,0x000000ed5c400000) (1024K)]
  0x0000023ac48c1d30 JavaThread "Attach Listener"            daemon [_thread_blocked, id=39560, stack(0x000000ed5c400000,0x000000ed5c500000) (1024K)]
  0x0000023ac48ccb10 JavaThread "Service Thread"             daemon [_thread_blocked, id=34432, stack(0x000000ed5c500000,0x000000ed5c600000) (1024K)]
  0x0000023ac48ce860 JavaThread "Monitor Deflation Thread"   daemon [_thread_blocked, id=40028, stack(0x000000ed5c600000,0x000000ed5c700000) (1024K)]
  0x0000023ac48d2d50 JavaThread "C2 CompilerThread0"         daemon [_thread_blocked, id=38308, stack(0x000000ed5c700000,0x000000ed5c800000) (1024K)]
  0x0000023ac48d3930 JavaThread "C1 CompilerThread0"         daemon [_thread_blocked, id=11604, stack(0x000000ed5c800000,0x000000ed5c900000) (1024K)]
  0x0000023ac1cd61b0 JavaThread "Common-Cleaner"             daemon [_thread_blocked, id=4556, stack(0x000000ed5c900000,0x000000ed5ca00000) (1024K)]
  0x0000023b0a0a86a0 JavaThread "Monitor Ctrl-Break"         daemon [_thread_in_native, id=20288, stack(0x000000ed5cc00000,0x000000ed5cd00000) (1024K)]
  0x0000023b0a0a8d10 JavaThread "Notification Thread"        daemon [_thread_blocked, id=23016, stack(0x000000ed5cd00000,0x000000ed5ce00000) (1024K)]
  0x0000023b0acc9200 JavaThread "JettyServerThreadPool-33"          [_thread_in_native, id=30300, stack(0x000000ed5d700000,0x000000ed5d800000) (1024K)]
  0x0000023b0acc9ee0 JavaThread "JettyServerThreadPool-35"          [_thread_blocked, id=36320, stack(0x000000ed5d900000,0x000000ed5da00000) (1024K)]
  0x0000023b0acca550 JavaThread "JettyServerThreadPool-36"          [_thread_in_native, id=14284, stack(0x000000ed5da00000,0x000000ed5db00000) (1024K)]
  0x0000023b0ac97ec0 JavaThread "JettyServerThreadPool-37"          [_thread_blocked, id=35440, stack(0x000000ed5db00000,0x000000ed5dc00000) (1024K)]
  0x0000023b0ac95760 JavaThread "JettyServerThreadPool-38-acceptor-0@4b8cd58b-ServerConnector@5b6ec132{HTTP/1.1, (http/1.1)}{0.0.0.0:7000}"        [_thread_in_native, id=28940, stack(0x000000ed5dc00000,0x000000ed5dd00000) (1024K)]
  0x0000023b0ac95df0 JavaThread "JettyServerThreadPool-39"          [_thread_blocked, id=29636, stack(0x000000ed5dd00000,0x000000ed5de00000) (1024K)]
  0x0000023b0ac98be0 JavaThread "Scheduler-1859383896-1"            [_thread_blocked, id=16392, stack(0x000000ed5df00000,0x000000ed5e000000) (1024K)]
  0x0000023b0ac96480 JavaThread "Session-HouseKeeper-3b00856b-1"        [_thread_blocked, id=39752, stack(0x000000ed5e000000,0x000000ed5e100000) (1024K)]
  0x0000023b0b01bcb0 JavaThread "DestroyJavaVM"                     [_thread_blocked, id=27012, stack(0x000000ed5b900000,0x000000ed5ba00000) (1024K)]
  0x0000023b0b021890 JavaThread "JettyServerThreadPool-47"          [_thread_in_native, id=40928, stack(0x000000ed5ca00000,0x000000ed5cb00000) (1024K)]
  0x0000023b0b01c9d0 JavaThread "Connector-Scheduler-5b6ec132-1"        [_thread_blocked, id=39692, stack(0x000000ed5d600000,0x000000ed5d700000) (1024K)]
  0x0000023b0b01c340 JavaThread "JettyServerThreadPool-50"          [_thread_in_native, id=35308, stack(0x000000ed5e600000,0x000000ed5e700000) (1024K)]
  0x0000023b0b0204e0 JavaThread "JettyServerThreadPool-51"          [_thread_blocked, id=22064, stack(0x000000ed5e900000,0x000000ed5ea00000) (1024K)]
  0x0000023b0b01d060 JavaThread "PostgreSQL-JDBC-Cleaner"    daemon [_thread_blocked, id=21284, stack(0x000000ed5b600000,0x000000ed5b700000) (1024K)]
  0x0000023b0b01d6f0 JavaThread "JettyServerThreadPool-53"          [_thread_in_native, id=19032, stack(0x000000ed5b700000,0x000000ed5b800000) (1024K)]
  0x0000023b0b020b70 JavaThread "JettyServerThreadPool-54"          [_thread_in_native, id=38588, stack(0x000000ed5b800000,0x000000ed5b900000) (1024K)]
  0x0000023b0b021200 JavaThread "JettyServerThreadPool-55"          [_thread_blocked, id=13420, stack(0x000000ed5d800000,0x000000ed5d900000) (1024K)]
  0x0000023b0b01f130 JavaThread "JettyServerThreadPool-56"          [_thread_blocked, id=39836, stack(0x000000ed5de00000,0x000000ed5df00000) (1024K)]
Total: 29

Other Threads:
=>0x0000023ac1cedc80 VMThread "VM Thread"                           [id=19724, stack(0x000000ed5c000000,0x000000ed5c100000) (1024K)]
  0x0000023ac1cd3e90 WatcherThread "VM Periodic Task Thread"        [id=40388, stack(0x000000ed5bf00000,0x000000ed5c000000) (1024K)]
  0x0000023aa06bb030 WorkerThread "GC Thread#0"                     [id=16636, stack(0x000000ed5ba00000,0x000000ed5bb00000) (1024K)]
  0x0000023b0a900740 WorkerThread "GC Thread#1"                     [id=16120, stack(0x000000ed5cb00000,0x000000ed5cc00000) (1024K)]
  0x0000023b0a900af0 WorkerThread "GC Thread#2"                     [id=34408, stack(0x000000ed5ce00000,0x000000ed5cf00000) (1024K)]
  0x0000023b0a900ea0 WorkerThread "GC Thread#3"                     [id=16496, stack(0x000000ed5cf00000,0x000000ed5d000000) (1024K)]
  0x0000023b0a901250 WorkerThread "GC Thread#4"                     [id=37264, stack(0x000000ed5d000000,0x000000ed5d100000) (1024K)]
  0x0000023b0a90bbd0 WorkerThread "GC Thread#5"                     [id=8492, stack(0x000000ed5d100000,0x000000ed5d200000) (1024K)]
  0x0000023b0a90bf80 WorkerThread "GC Thread#6"                     [id=23156, stack(0x000000ed5d200000,0x000000ed5d300000) (1024K)]
  0x0000023b0a90c330 WorkerThread "GC Thread#7"                     [id=37972, stack(0x000000ed5d300000,0x000000ed5d400000) (1024K)]
  0x0000023b0a90c6e0 WorkerThread "GC Thread#8"                     [id=9584, stack(0x000000ed5d400000,0x000000ed5d500000) (1024K)]
  0x0000023b0a84f1c0 WorkerThread "GC Thread#9"                     [id=39840, stack(0x000000ed5d500000,0x000000ed5d600000) (1024K)]
  0x0000023aa06cc9f0 ConcurrentGCThread "G1 Main Marker"            [id=24280, stack(0x000000ed5bb00000,0x000000ed5bc00000) (1024K)]
  0x0000023aa06cd6b0 WorkerThread "G1 Conc#0"                       [id=21840, stack(0x000000ed5bc00000,0x000000ed5bd00000) (1024K)]
  0x0000023b0aafda20 WorkerThread "G1 Conc#1"                       [id=30356, stack(0x000000ed5e300000,0x000000ed5e400000) (1024K)]
  0x0000023b0aafcf10 WorkerThread "G1 Conc#2"                       [id=18460, stack(0x000000ed5e400000,0x000000ed5e500000) (1024K)]
  0x0000023ac1ba6330 ConcurrentGCThread "G1 Refine#0"               [id=36784, stack(0x000000ed5bd00000,0x000000ed5be00000) (1024K)]
  0x0000023ac1ba6dc0 ConcurrentGCThread "G1 Service"                [id=33008, stack(0x000000ed5be00000,0x000000ed5bf00000) (1024K)]
Total: 18

Threads with active compile tasks:
C2 CompilerThread0  317213 3711   !   4       org.jdbi.v3.core.inlined.org.antlr.v4.runtime.atn.$LexerATNSimulator::addDFAState (224 bytes)
Total: 1

VM state: at safepoint (normal execution)

VM Mutex/Monitor currently owned by a thread:  ([mutex/lock_event])
[0x00007fffb3b5cb80] Threads_lock - owner thread: 0x0000023ac1cedc80
[0x00007fffb3b5cc80] Heap_lock - owner thread: 0x0000023b0ac97ec0

Heap address: 0x000000060c800000, size: 7992 MB, Compressed Oops mode: Zero based, Oop shift amount: 3

CDS archive(s) mapped at: [0x0000023ac5000000-0x0000023ac5c60000-0x0000023ac5c60000), size 12976128, SharedBaseAddress: 0x0000023ac5000000, ArchiveRelocationMode: 1.
Compressed class space mapped at: 0x0000023ac6000000-0x0000023b06000000, reserved size: 1073741824
Narrow klass base: 0x0000023ac5000000, Narrow klass shift: 0, Narrow klass range: 0x41000000

GC Precious Log:
 CardTable entry size: 512
 Card Set container configuration: InlinePtr #cards 4 size 8 Array Of Cards #cards 32 size 80 Howl #buckets 8 coarsen threshold 7372 Howl Bitmap #cards 1024 size 144 coarsen threshold 921 Card regions per heap region 1 cards per card region 8192
 CPUs: 12 total, 12 available
 Memory: 31952M
 Large Page Support: Disabled
 NUMA Support: Disabled
 Compressed Oops: Enabled (Zero based)
 Heap Region Size: 4M
 Heap Min Capacity: 8M
 Heap Initial Capacity: 500M
 Heap Max Capacity: 7992M
 Pre-touch: Disabled
 Parallel Workers: 10
 Concurrent Workers: 3
 Concurrent Refinement Workers: 10
 Periodic GC: Disabled

Heap:
 garbage-first heap   total reserved 8183808K, committed 1196032K, used 542249K [0x000000060c800000, 0x0000000800000000)
  region size 4096K, 5 young (20480K), 5 survivors (20480K)
 Metaspace       used 27976K, committed 28480K, reserved 1114112K
  class space    used 3378K, committed 3584K, reserved 1048576K

Heap Regions: E=young(eden), S=young(survivor), O=old, HS=humongous(starts), HC=humongous(continues), CS=collection set, F=free, TAMS=top-at-mark-start, PB=parsable bottom
|   0|0x000000060c800000, 0x000000060cc00000, 0x000000060cc00000|100%| O|  |TAMS 0x000000060cc00000| PB 0x000000060c800000| Untracked |  0
|   1|0x000000060cc00000, 0x000000060cdf3168, 0x000000060d000000| 48%| O|  |TAMS 0x000000060cdf3168| PB 0x000000060cc00000| Untracked |  0
|   2|0x000000060d000000, 0x000000060d400000, 0x000000060d400000|100%| O|  |TAMS 0x000000060d400000| PB 0x000000060d000000| Untracked |  0
|   3|0x000000060d400000, 0x000000060d800000, 0x000000060d800000|100%|HS|  |TAMS 0x000000060d800000| PB 0x000000060d400000| Complete |  0
|   4|0x000000060d800000, 0x000000060dc00000, 0x000000060dc00000|100%|HS|  |TAMS 0x000000060dc00000| PB 0x000000060d800000| Complete |  0
|   5|0x000000060dc00000, 0x000000060e000000, 0x000000060e000000|100%|HS|  |TAMS 0x000000060e000000| PB 0x000000060dc00000| Complete |  0
|   6|0x000000060e000000, 0x000000060e400000, 0x000000060e400000|100%|HS|  |TAMS 0x000000060e400000| PB 0x000000060e000000| Complete |  0
|   7|0x000000060e400000, 0x000000060e800000, 0x000000060e800000|100%|HS|  |TAMS 0x000000060e800000| PB 0x000000060e400000| Complete |  0
|   8|0x000000060e800000, 0x000000060ec00000, 0x000000060ec00000|100%|HS|  |TAMS 0x000000060ec00000| PB 0x000000060e800000| Complete |  0
|   9|0x000000060ec00000, 0x000000060f000000, 0x000000060f000000|100%|HS|  |TAMS 0x000000060f000000| PB 0x000000060ec00000| Complete |  0
|  10|0x000000060f000000, 0x000000060f400000, 0x000000060f400000|100%|HS|  |TAMS 0x000000060f400000| PB 0x000000060f000000| Complete |  0
|  11|0x000000060f400000, 0x000000060f800000, 0x000000060f800000|100%|HS|  |TAMS 0x000000060f800000| PB 0x000000060f400000| Complete |  0
|  12|0x000000060f800000, 0x000000060fc00000, 0x000000060fc00000|100%|HS|  |TAMS 0x000000060fc00000| PB 0x000000060f800000| Complete |  0
|  13|0x000000060fc00000, 0x0000000610000000, 0x0000000610000000|100%|HS|  |TAMS 0x0000000610000000| PB 0x000000060fc00000| Complete |  0
|  14|0x0000000610000000, 0x0000000610400000, 0x0000000610400000|100%|HS|  |TAMS 0x0000000610400000| PB 0x0000000610000000| Complete |  0
|  15|0x0000000610400000, 0x0000000610800000, 0x0000000610800000|100%|HS|  |TAMS 0x0000000610800000| PB 0x0000000610400000| Complete |  0
|  16|0x0000000610800000, 0x0000000610c00000, 0x0000000610c00000|100%|HS|  |TAMS 0x0000000610c00000| PB 0x0000000610800000| Complete |  0
|  17|0x0000000610c00000, 0x0000000611000000, 0x0000000611000000|100%|HS|  |TAMS 0x0000000611000000| PB 0x0000000610c00000| Complete |  0
|  18|0x0000000611000000, 0x0000000611400000, 0x0000000611400000|100%|HS|  |TAMS 0x0000000611400000| PB 0x0000000611000000| Complete |  0
|  19|0x0000000611400000, 0x0000000611800000, 0x0000000611800000|100%|HS|  |TAMS 0x0000000611800000| PB 0x0000000611400000| Complete |  0
|  20|0x0000000611800000, 0x0000000611c00000, 0x0000000611c00000|100%|HS|  |TAMS 0x0000000611c00000| PB 0x0000000611800000| Complete |  0
|  21|0x0000000611c00000, 0x0000000612000000, 0x0000000612000000|100%|HS|  |TAMS 0x0000000612000000| PB 0x0000000611c00000| Complete |  0
|  22|0x0000000612000000, 0x0000000612400000, 0x0000000612400000|100%|HS|  |TAMS 0x0000000612400000| PB 0x0000000612000000| Complete |  0
|  23|0x0000000612400000, 0x0000000612800000, 0x0000000612800000|100%|HS|  |TAMS 0x0000000612800000| PB 0x0000000612400000| Complete |  0
|  24|0x0000000612800000, 0x0000000612c00000, 0x0000000612c00000|100%|HS|  |TAMS 0x0000000612c00000| PB 0x0000000612800000| Complete |  0
|  25|0x0000000612c00000, 0x0000000612c00000, 0x0000000613000000|  0%| F|  |TAMS 0x0000000612c00000| PB 0x0000000612c00000| Untracked |  0
|  26|0x0000000613000000, 0x0000000613400000, 0x0000000613400000|100%|HS|  |TAMS 0x0000000613400000| PB 0x0000000613000000| Complete |  0
|  27|0x0000000613400000, 0x0000000613800000, 0x0000000613800000|100%|HS|  |TAMS 0x0000000613800000| PB 0x0000000613400000| Complete |  0
|  28|0x0000000613800000, 0x0000000613c00000, 0x0000000613c00000|100%|HS|  |TAMS 0x0000000613c00000| PB 0x0000000613800000| Complete |  0
|  29|0x0000000613c00000, 0x0000000614000000, 0x0000000614000000|100%|HS|  |TAMS 0x0000000614000000| PB 0x0000000613c00000| Complete |  0
|  30|0x0000000614000000, 0x0000000614400000, 0x0000000614400000|100%|HS|  |TAMS 0x0000000614400000| PB 0x0000000614000000| Complete |  0
|  31|0x0000000614400000, 0x0000000614800000, 0x0000000614800000|100%|HS|  |TAMS 0x0000000614800000| PB 0x0000000614400000| Complete |  0
|  32|0x0000000614800000, 0x0000000614800000, 0x0000000614c00000|  0%| F|  |TAMS 0x0000000614800000| PB 0x0000000614800000| Untracked |  0
|  33|0x0000000614c00000, 0x0000000615000000, 0x0000000615000000|100%|HS|  |TAMS 0x0000000615000000| PB 0x0000000614c00000| Complete |  0
|  34|0x0000000615000000, 0x0000000615400000, 0x0000000615400000|100%|HS|  |TAMS 0x0000000615400000| PB 0x0000000615000000| Complete |  0
|  35|0x0000000615400000, 0x0000000615800000, 0x0000000615800000|100%|HS|  |TAMS 0x0000000615800000| PB 0x0000000615400000| Complete |  0
|  36|0x0000000615800000, 0x0000000615c00000, 0x0000000615c00000|100%|HS|  |TAMS 0x0000000615c00000| PB 0x0000000615800000| Complete |  0
|  37|0x0000000615c00000, 0x0000000616000000, 0x0000000616000000|100%|HS|  |TAMS 0x0000000616000000| PB 0x0000000615c00000| Complete |  0
|  38|0x0000000616000000, 0x0000000616400000, 0x0000000616400000|100%|HS|  |TAMS 0x0000000616400000| PB 0x0000000616000000| Complete |  0
|  39|0x0000000616400000, 0x0000000616800000, 0x0000000616800000|100%|HS|  |TAMS 0x0000000616800000| PB 0x0000000616400000| Complete |  0
|  40|0x0000000616800000, 0x0000000616c00000, 0x0000000616c00000|100%|HS|  |TAMS 0x0000000616c00000| PB 0x0000000616800000| Complete |  0
|  41|0x0000000616c00000, 0x0000000617000000, 0x0000000617000000|100%|HS|  |TAMS 0x0000000617000000| PB 0x0000000616c00000| Complete |  0
|  42|0x0000000617000000, 0x0000000617400000, 0x0000000617400000|100%|HS|  |TAMS 0x0000000617400000| PB 0x0000000617000000| Complete |  0
|  43|0x0000000617400000, 0x0000000617800000, 0x0000000617800000|100%|HS|  |TAMS 0x0000000617800000| PB 0x0000000617400000| Complete |  0
|  44|0x0000000617800000, 0x0000000617c00000, 0x0000000617c00000|100%|HS|  |TAMS 0x0000000617c00000| PB 0x0000000617800000| Complete |  0
|  45|0x0000000617c00000, 0x0000000618000000, 0x0000000618000000|100%|HS|  |TAMS 0x0000000618000000| PB 0x0000000617c00000| Complete |  0
|  46|0x0000000618000000, 0x0000000618400000, 0x0000000618400000|100%|HS|  |TAMS 0x0000000618400000| PB 0x0000000618000000| Complete |  0
|  47|0x0000000618400000, 0x0000000618800000, 0x0000000618800000|100%|HS|  |TAMS 0x0000000618800000| PB 0x0000000618400000| Complete |  0
|  48|0x0000000618800000, 0x0000000618c00000, 0x0000000618c00000|100%|HS|  |TAMS 0x0000000618c00000| PB 0x0000000618800000| Complete |  0
|  49|0x0000000618c00000, 0x0000000619000000, 0x0000000619000000|100%|HC|  |TAMS 0x0000000619000000| PB 0x0000000618c00000| Complete |  0
|  50|0x0000000619000000, 0x0000000619400000, 0x0000000619400000|100%|HS|  |TAMS 0x0000000619400000| PB 0x0000000619000000| Complete |  0
|  51|0x0000000619400000, 0x0000000619800000, 0x0000000619800000|100%|HS|  |TAMS 0x0000000619800000| PB 0x0000000619400000| Complete |  0
|  52|0x0000000619800000, 0x0000000619c00000, 0x0000000619c00000|100%|HS|  |TAMS 0x0000000619c00000| PB 0x0000000619800000| Complete |  0
|  53|0x0000000619c00000, 0x000000061a000000, 0x000000061a000000|100%|HC|  |TAMS 0x000000061a000000| PB 0x0000000619c00000| Complete |  0
|  54|0x000000061a000000, 0x000000061a400000, 0x000000061a400000|100%|HS|  |TAMS 0x000000061a400000| PB 0x000000061a000000| Complete |  0
|  55|0x000000061a400000, 0x000000061a800000, 0x000000061a800000|100%|HS|  |TAMS 0x000000061a800000| PB 0x000000061a400000| Complete |  0
|  56|0x000000061a800000, 0x000000061ac00000, 0x000000061ac00000|100%|HS|  |TAMS 0x000000061ac00000| PB 0x000000061a800000| Complete |  0
|  57|0x000000061ac00000, 0x000000061b000000, 0x000000061b000000|100%|HS|  |TAMS 0x000000061b000000| PB 0x000000061ac00000| Complete |  0
|  58|0x000000061b000000, 0x000000061b000000, 0x000000061b400000|  0%| F|  |TAMS 0x000000061b000000| PB 0x000000061b000000| Untracked |  0
|  59|0x000000061b400000, 0x000000061b800000, 0x000000061b800000|100%|HS|  |TAMS 0x000000061b800000| PB 0x000000061b400000| Complete |  0
|  60|0x000000061b800000, 0x000000061bc00000, 0x000000061bc00000|100%|HS|  |TAMS 0x000000061bc00000| PB 0x000000061b800000| Complete |  0
|  61|0x000000061bc00000, 0x000000061c000000, 0x000000061c000000|100%|HS|  |TAMS 0x000000061c000000| PB 0x000000061bc00000| Complete |  0
|  62|0x000000061c000000, 0x000000061c400000, 0x000000061c400000|100%|HC|  |TAMS 0x000000061c400000| PB 0x000000061c000000| Complete |  0
|  63|0x000000061c400000, 0x000000061c800000, 0x000000061c800000|100%|HS|  |TAMS 0x000000061c800000| PB 0x000000061c400000| Complete |  0
|  64|0x000000061c800000, 0x000000061cc00000, 0x000000061cc00000|100%|HS|  |TAMS 0x000000061cc00000| PB 0x000000061c800000| Complete |  0
|  65|0x000000061cc00000, 0x000000061d000000, 0x000000061d000000|100%|HS|  |TAMS 0x000000061d000000| PB 0x000000061cc00000| Complete |  0
|  66|0x000000061d000000, 0x000000061d400000, 0x000000061d400000|100%|HS|  |TAMS 0x000000061d400000| PB 0x000000061d000000| Complete |  0
|  67|0x000000061d400000, 0x000000061d800000, 0x000000061d800000|100%|HS|  |TAMS 0x000000061d800000| PB 0x000000061d400000| Complete |  0
|  68|0x000000061d800000, 0x000000061dc00000, 0x000000061dc00000|100%|HS|  |TAMS 0x000000061dc00000| PB 0x000000061d800000| Complete |  0
|  69|0x000000061dc00000, 0x000000061e000000, 0x000000061e000000|100%|HS|  |TAMS 0x000000061e000000| PB 0x000000061dc00000| Complete |  0
|  70|0x000000061e000000, 0x000000061e400000, 0x000000061e400000|100%|HS|  |TAMS 0x000000061e400000| PB 0x000000061e000000| Complete |  0
|  71|0x000000061e400000, 0x000000061e800000, 0x000000061e800000|100%|HS|  |TAMS 0x000000061e800000| PB 0x000000061e400000| Complete |  0
|  72|0x000000061e800000, 0x000000061ec00000, 0x000000061ec00000|100%|HS|  |TAMS 0x000000061ec00000| PB 0x000000061e800000| Complete |  0
|  73|0x000000061ec00000, 0x000000061f000000, 0x000000061f000000|100%|HS|  |TAMS 0x000000061f000000| PB 0x000000061ec00000| Complete |  0
|  74|0x000000061f000000, 0x000000061f400000, 0x000000061f400000|100%|HS|  |TAMS 0x000000061f400000| PB 0x000000061f000000| Complete |  0
|  75|0x000000061f400000, 0x000000061f800000, 0x000000061f800000|100%|HS|  |TAMS 0x000000061f800000| PB 0x000000061f400000| Complete |  0
|  76|0x000000061f800000, 0x000000061fc00000, 0x000000061fc00000|100%|HS|  |TAMS 0x000000061fc00000| PB 0x000000061f800000| Complete |  0
|  77|0x000000061fc00000, 0x0000000620000000, 0x0000000620000000|100%|HS|  |TAMS 0x0000000620000000| PB 0x000000061fc00000| Complete |  0
|  78|0x0000000620000000, 0x0000000620400000, 0x0000000620400000|100%|HS|  |TAMS 0x0000000620400000| PB 0x0000000620000000| Complete |  0
|  79|0x0000000620400000, 0x0000000620800000, 0x0000000620800000|100%|HS|  |TAMS 0x0000000620800000| PB 0x0000000620400000| Complete |  0
|  80|0x0000000620800000, 0x0000000620c00000, 0x0000000620c00000|100%|HS|  |TAMS 0x0000000620c00000| PB 0x0000000620800000| Complete |  0
|  81|0x0000000620c00000, 0x0000000621000000, 0x0000000621000000|100%|HS|  |TAMS 0x0000000621000000| PB 0x0000000620c00000| Complete |  0
|  82|0x0000000621000000, 0x0000000621400000, 0x0000000621400000|100%|HS|  |TAMS 0x0000000621400000| PB 0x0000000621000000| Complete |  0
|  83|0x0000000621400000, 0x0000000621800000, 0x0000000621800000|100%|HS|  |TAMS 0x0000000621800000| PB 0x0000000621400000| Complete |  0
|  84|0x0000000621800000, 0x0000000621c00000, 0x0000000621c00000|100%|HS|  |TAMS 0x0000000621c00000| PB 0x0000000621800000| Complete |  0
|  85|0x0000000621c00000, 0x0000000622000000, 0x0000000622000000|100%|HS|  |TAMS 0x0000000622000000| PB 0x0000000621c00000| Complete |  0
|  86|0x0000000622000000, 0x0000000622000000, 0x0000000622400000|  0%| F|  |TAMS 0x0000000622000000| PB 0x0000000622000000| Untracked |  0
|  87|0x0000000622400000, 0x0000000622800000, 0x0000000622800000|100%|HS|  |TAMS 0x0000000622800000| PB 0x0000000622400000| Complete |  0
|  88|0x0000000622800000, 0x0000000622c00000, 0x0000000622c00000|100%|HS|  |TAMS 0x0000000622c00000| PB 0x0000000622800000| Complete |  0
|  89|0x0000000622c00000, 0x0000000623000000, 0x0000000623000000|100%|HS|  |TAMS 0x0000000623000000| PB 0x0000000622c00000| Complete |  0
|  90|0x0000000623000000, 0x0000000623000000, 0x0000000623400000|  0%| F|  |TAMS 0x0000000623000000| PB 0x0000000623000000| Untracked |  0
|  91|0x0000000623400000, 0x0000000623800000, 0x0000000623800000|100%|HS|  |TAMS 0x0000000623800000| PB 0x0000000623400000| Complete |  0
|  92|0x0000000623800000, 0x0000000623800000, 0x0000000623c00000|  0%| F|  |TAMS 0x0000000623800000| PB 0x0000000623800000| Untracked |  0
|  93|0x0000000623c00000, 0x0000000624000000, 0x0000000624000000|100%|HS|  |TAMS 0x0000000624000000| PB 0x0000000623c00000| Complete |  0
|  94|0x0000000624000000, 0x0000000624400000, 0x0000000624400000|100%|HS|  |TAMS 0x0000000624400000| PB 0x0000000624000000| Complete |  0
|  95|0x0000000624400000, 0x0000000624800000, 0x0000000624800000|100%|HS|  |TAMS 0x0000000624800000| PB 0x0000000624400000| Complete |  0
|  96|0x0000000624800000, 0x0000000624c00000, 0x0000000624c00000|100%|HS|  |TAMS 0x0000000624c00000| PB 0x0000000624800000| Complete |  0
|  97|0x0000000624c00000, 0x0000000625000000, 0x0000000625000000|100%|HS|  |TAMS 0x0000000625000000| PB 0x0000000624c00000| Complete |  0
|  98|0x0000000625000000, 0x0000000625400000, 0x0000000625400000|100%|HS|  |TAMS 0x0000000625400000| PB 0x0000000625000000| Complete |  0
|  99|0x0000000625400000, 0x0000000625800000, 0x0000000625800000|100%|HS|  |TAMS 0x0000000625800000| PB 0x0000000625400000| Complete |  0
| 100|0x0000000625800000, 0x0000000625c00000, 0x0000000625c00000|100%|HS|  |TAMS 0x0000000625c00000| PB 0x0000000625800000| Complete |  0
| 101|0x0000000625c00000, 0x0000000625c00000, 0x0000000626000000|  0%| F|  |TAMS 0x0000000625c00000| PB 0x0000000625c00000| Untracked |  0
| 102|0x0000000626000000, 0x0000000626400000, 0x0000000626400000|100%|HS|  |TAMS 0x0000000626400000| PB 0x0000000626000000| Complete |  0
| 103|0x0000000626400000, 0x0000000626400000, 0x0000000626800000|  0%| F|  |TAMS 0x0000000626400000| PB 0x0000000626400000| Untracked |  0
| 104|0x0000000626800000, 0x0000000626c00000, 0x0000000626c00000|100%|HS|  |TAMS 0x0000000626c00000| PB 0x0000000626800000| Complete |  0
| 105|0x0000000626c00000, 0x0000000627000000, 0x0000000627000000|100%|HS|  |TAMS 0x0000000627000000| PB 0x0000000626c00000| Complete |  0
| 106|0x0000000627000000, 0x0000000627400000, 0x0000000627400000|100%|HS|  |TAMS 0x0000000627400000| PB 0x0000000627000000| Complete |  0
| 107|0x0000000627400000, 0x0000000627800000, 0x0000000627800000|100%|HS|  |TAMS 0x0000000627800000| PB 0x0000000627400000| Complete |  0
| 108|0x0000000627800000, 0x0000000627c00000, 0x0000000627c00000|100%|HS|  |TAMS 0x0000000627c00000| PB 0x0000000627800000| Complete |  0
| 109|0x0000000627c00000, 0x0000000628000000, 0x0000000628000000|100%|HS|  |TAMS 0x0000000628000000| PB 0x0000000627c00000| Complete |  0
| 110|0x0000000628000000, 0x0000000628400000, 0x0000000628400000|100%|HS|  |TAMS 0x0000000628400000| PB 0x0000000628000000| Complete |  0
| 111|0x0000000628400000, 0x0000000628800000, 0x0000000628800000|100%|HS|  |TAMS 0x0000000628800000| PB 0x0000000628400000| Complete |  0
| 112|0x0000000628800000, 0x0000000628c00000, 0x0000000628c00000|100%|HS|  |TAMS 0x0000000628c00000| PB 0x0000000628800000| Complete |  0
| 113|0x0000000628c00000, 0x0000000629000000, 0x0000000629000000|100%|HS|  |TAMS 0x0000000629000000| PB 0x0000000628c00000| Complete |  0
| 114|0x0000000629000000, 0x0000000629400000, 0x0000000629400000|100%|HS|  |TAMS 0x0000000629400000| PB 0x0000000629000000| Complete |  0
| 115|0x0000000629400000, 0x0000000629800000, 0x0000000629800000|100%|HS|  |TAMS 0x0000000629800000| PB 0x0000000629400000| Complete |  0
| 116|0x0000000629800000, 0x0000000629c00000, 0x0000000629c00000|100%|HS|  |TAMS 0x0000000629c00000| PB 0x0000000629800000| Complete |  0
| 117|0x0000000629c00000, 0x000000062a000000, 0x000000062a000000|100%|HS|  |TAMS 0x000000062a000000| PB 0x0000000629c00000| Complete |  0
| 118|0x000000062a000000, 0x000000062a400000, 0x000000062a400000|100%|HS|  |TAMS 0x000000062a400000| PB 0x000000062a000000| Complete |  0
| 119|0x000000062a400000, 0x000000062a800000, 0x000000062a800000|100%|HS|  |TAMS 0x000000062a800000| PB 0x000000062a400000| Complete |  0
| 120|0x000000062a800000, 0x000000062ac00000, 0x000000062ac00000|100%|HS|  |TAMS 0x000000062ac00000| PB 0x000000062a800000| Complete |  0
| 121|0x000000062ac00000, 0x000000062b000000, 0x000000062b000000|100%|HC|  |TAMS 0x000000062b000000| PB 0x000000062ac00000| Complete |  0
| 122|0x000000062b000000, 0x000000062b400000, 0x000000062b400000|100%|HS|  |TAMS 0x000000062b400000| PB 0x000000062b000000| Complete |  0
| 123|0x000000062b400000, 0x000000062b800000, 0x000000062b800000|100%|HS|  |TAMS 0x000000062b800000| PB 0x000000062b400000| Complete |  0
| 124|0x000000062b800000, 0x000000062bc00000, 0x000000062bc00000|100%|HC|  |TAMS 0x000000062bc00000| PB 0x000000062b800000| Complete |  0
| 125|0x000000062bc00000, 0x000000062c000000, 0x000000062c000000|100%|HS|  |TAMS 0x000000062c000000| PB 0x000000062bc00000| Complete |  0
| 126|0x000000062c000000, 0x000000062c000000, 0x000000062c400000|  0%| F|  |TAMS 0x000000062c000000| PB 0x000000062c000000| Untracked |  0
| 127|0x000000062c400000, 0x000000062c400000, 0x000000062c800000|  0%| F|  |TAMS 0x000000062c400000| PB 0x000000062c400000| Untracked |  0
| 128|0x000000062c800000, 0x000000062c800000, 0x000000062cc00000|  0%| F|  |TAMS 0x000000062c800000| PB 0x000000062c800000| Untracked |  0
| 129|0x000000062cc00000, 0x000000062d000000, 0x000000062d000000|100%|HS|  |TAMS 0x000000062d000000| PB 0x000000062cc00000| Complete |  0
| 130|0x000000062d000000, 0x000000062d000000, 0x000000062d400000|  0%| F|  |TAMS 0x000000062d000000| PB 0x000000062d000000| Untracked |  0
| 131|0x000000062d400000, 0x000000062d400000, 0x000000062d800000|  0%| F|  |TAMS 0x000000062d400000| PB 0x000000062d400000| Untracked |  0
| 132|0x000000062d800000, 0x000000062dc00000, 0x000000062dc00000|100%|HS|  |TAMS 0x000000062dc00000| PB 0x000000062d800000| Complete |  0
| 133|0x000000062dc00000, 0x000000062e000000, 0x000000062e000000|100%|HC|  |TAMS 0x000000062e000000| PB 0x000000062dc00000| Complete |  0
| 134|0x000000062e000000, 0x000000062e400000, 0x000000062e400000|100%|HC|  |TAMS 0x000000062e400000| PB 0x000000062e000000| Complete |  0
| 135|0x000000062e400000, 0x000000062e400000, 0x000000062e800000|  0%| F|  |TAMS 0x000000062e400000| PB 0x000000062e400000| Untracked |  0
| 136|0x000000062e800000, 0x000000062e800000, 0x000000062ec00000|  0%| F|  |TAMS 0x000000062e800000| PB 0x000000062e800000| Untracked |  0
| 137|0x000000062ec00000, 0x000000062ec00000, 0x000000062f000000|  0%| F|  |TAMS 0x000000062ec00000| PB 0x000000062ec00000| Untracked |  0
| 138|0x000000062f000000, 0x000000062f400000, 0x000000062f400000|100%|HS|  |TAMS 0x000000062f400000| PB 0x000000062f000000| Complete |  0
| 139|0x000000062f400000, 0x000000062f800000, 0x000000062f800000|100%|HC|  |TAMS 0x000000062f800000| PB 0x000000062f400000| Complete |  0
| 140|0x000000062f800000, 0x000000062fc00000, 0x000000062fc00000|100%|HC|  |TAMS 0x000000062fc00000| PB 0x000000062f800000| Complete |  0
| 141|0x000000062fc00000, 0x0000000630000000, 0x0000000630000000|100%|HC|  |TAMS 0x0000000630000000| PB 0x000000062fc00000| Complete |  0
| 142|0x0000000630000000, 0x0000000630400000, 0x0000000630400000|100%|HC|  |TAMS 0x0000000630400000| PB 0x0000000630000000| Complete |  0
| 143|0x0000000630400000, 0x0000000630800000, 0x0000000630800000|100%|HC|  |TAMS 0x0000000630800000| PB 0x0000000630400000| Complete |  0
| 144|0x0000000630800000, 0x0000000630800000, 0x0000000630c00000|  0%| F|  |TAMS 0x0000000630800000| PB 0x0000000630800000| Untracked |  0
| 145|0x0000000630c00000, 0x0000000630c00000, 0x0000000631000000|  0%| F|  |TAMS 0x0000000630c00000| PB 0x0000000630c00000| Untracked |  0
| 146|0x0000000631000000, 0x0000000631000000, 0x0000000631400000|  0%| F|  |TAMS 0x0000000631000000| PB 0x0000000631000000| Untracked |  0
| 147|0x0000000631400000, 0x0000000631400000, 0x0000000631800000|  0%| F|  |TAMS 0x0000000631400000| PB 0x0000000631400000| Untracked |  0
| 148|0x0000000631800000, 0x0000000631800000, 0x0000000631c00000|  0%| F|  |TAMS 0x0000000631800000| PB 0x0000000631800000| Untracked |  0
| 149|0x0000000631c00000, 0x0000000631c00000, 0x0000000632000000|  0%| F|  |TAMS 0x0000000631c00000| PB 0x0000000631c00000| Untracked |  0
| 150|0x0000000632000000, 0x0000000632000000, 0x0000000632400000|  0%| F|  |TAMS 0x0000000632000000| PB 0x0000000632000000| Untracked |  0
| 151|0x0000000632400000, 0x0000000632400000, 0x0000000632800000|  0%| F|  |TAMS 0x0000000632400000| PB 0x0000000632400000| Untracked |  0
| 152|0x0000000632800000, 0x0000000632800000, 0x0000000632c00000|  0%| F|  |TAMS 0x0000000632800000| PB 0x0000000632800000| Untracked |  0
| 153|0x0000000632c00000, 0x0000000632c00000, 0x0000000633000000|  0%| F|  |TAMS 0x0000000632c00000| PB 0x0000000632c00000| Untracked |  0
| 154|0x0000000633000000, 0x0000000633000000, 0x0000000633400000|  0%| F|  |TAMS 0x0000000633000000| PB 0x0000000633000000| Untracked |  0
| 155|0x0000000633400000, 0x0000000633400000, 0x0000000633800000|  0%| F|  |TAMS 0x0000000633400000| PB 0x0000000633400000| Untracked |  0
| 156|0x0000000633800000, 0x0000000633800000, 0x0000000633c00000|  0%| F|  |TAMS 0x0000000633800000| PB 0x0000000633800000| Untracked |  0
| 157|0x0000000633c00000, 0x0000000633c00000, 0x0000000634000000|  0%| F|  |TAMS 0x0000000633c00000| PB 0x0000000633c00000| Untracked |  0
| 158|0x0000000634000000, 0x0000000634000000, 0x0000000634400000|  0%| F|  |TAMS 0x0000000634000000| PB 0x0000000634000000| Untracked |  0
| 159|0x0000000634400000, 0x0000000634400000, 0x0000000634800000|  0%| F|  |TAMS 0x0000000634400000| PB 0x0000000634400000| Untracked |  0
| 160|0x0000000634800000, 0x0000000634800000, 0x0000000634c00000|  0%| F|  |TAMS 0x0000000634800000| PB 0x0000000634800000| Untracked |  0
| 161|0x0000000634c00000, 0x0000000634c00000, 0x0000000635000000|  0%| F|  |TAMS 0x0000000634c00000| PB 0x0000000634c00000| Untracked |  0
| 162|0x0000000635000000, 0x0000000635000000, 0x0000000635400000|  0%| F|  |TAMS 0x0000000635000000| PB 0x0000000635000000| Untracked |  0
| 163|0x0000000635400000, 0x0000000635400000, 0x0000000635800000|  0%| F|  |TAMS 0x0000000635400000| PB 0x0000000635400000| Untracked |  0
| 164|0x0000000635800000, 0x0000000635800000, 0x0000000635c00000|  0%| F|  |TAMS 0x0000000635800000| PB 0x0000000635800000| Untracked |  0
| 165|0x0000000635c00000, 0x0000000635c00000, 0x0000000636000000|  0%| F|  |TAMS 0x0000000635c00000| PB 0x0000000635c00000| Untracked |  0
| 166|0x0000000636000000, 0x0000000636000000, 0x0000000636400000|  0%| F|  |TAMS 0x0000000636000000| PB 0x0000000636000000| Untracked |  0
| 167|0x0000000636400000, 0x0000000636400000, 0x0000000636800000|  0%| F|  |TAMS 0x0000000636400000| PB 0x0000000636400000| Untracked |  0
| 168|0x0000000636800000, 0x0000000636800000, 0x0000000636c00000|  0%| F|  |TAMS 0x0000000636800000| PB 0x0000000636800000| Untracked |  0
| 169|0x0000000636c00000, 0x0000000636c00000, 0x0000000637000000|  0%| F|  |TAMS 0x0000000636c00000| PB 0x0000000636c00000| Untracked |  0
| 170|0x0000000637000000, 0x0000000637000000, 0x0000000637400000|  0%| F|  |TAMS 0x0000000637000000| PB 0x0000000637000000| Untracked |  0
| 171|0x0000000637400000, 0x0000000637400000, 0x0000000637800000|  0%| F|  |TAMS 0x0000000637400000| PB 0x0000000637400000| Untracked |  0
| 172|0x0000000637800000, 0x0000000637800000, 0x0000000637c00000|  0%| F|  |TAMS 0x0000000637800000| PB 0x0000000637800000| Untracked |  0
| 173|0x0000000637c00000, 0x0000000637c00000, 0x0000000638000000|  0%| F|  |TAMS 0x0000000637c00000| PB 0x0000000637c00000| Untracked |  0
| 174|0x0000000638000000, 0x0000000638000000, 0x0000000638400000|  0%| F|  |TAMS 0x0000000638000000| PB 0x0000000638000000| Untracked |  0
| 175|0x0000000638400000, 0x0000000638400000, 0x0000000638800000|  0%| F|  |TAMS 0x0000000638400000| PB 0x0000000638400000| Untracked |  0
| 176|0x0000000638800000, 0x0000000638800000, 0x0000000638c00000|  0%| F|  |TAMS 0x0000000638800000| PB 0x0000000638800000| Untracked |  0
| 177|0x0000000638c00000, 0x0000000638c00000, 0x0000000639000000|  0%| F|  |TAMS 0x0000000638c00000| PB 0x0000000638c00000| Untracked |  0
| 178|0x0000000639000000, 0x0000000639000000, 0x0000000639400000|  0%| F|  |TAMS 0x0000000639000000| PB 0x0000000639000000| Untracked |  0
| 179|0x0000000639400000, 0x0000000639400000, 0x0000000639800000|  0%| F|  |TAMS 0x0000000639400000| PB 0x0000000639400000| Untracked |  0
| 180|0x0000000639800000, 0x0000000639800000, 0x0000000639c00000|  0%| F|  |TAMS 0x0000000639800000| PB 0x0000000639800000| Untracked |  0
| 181|0x0000000639c00000, 0x0000000639c00000, 0x000000063a000000|  0%| F|  |TAMS 0x0000000639c00000| PB 0x0000000639c00000| Untracked |  0
| 182|0x000000063a000000, 0x000000063a000000, 0x000000063a400000|  0%| F|  |TAMS 0x000000063a000000| PB 0x000000063a000000| Untracked |  0
| 183|0x000000063a400000, 0x000000063a400000, 0x000000063a800000|  0%| F|  |TAMS 0x000000063a400000| PB 0x000000063a400000| Untracked |  0
| 184|0x000000063a800000, 0x000000063a800000, 0x000000063ac00000|  0%| F|  |TAMS 0x000000063a800000| PB 0x000000063a800000| Untracked |  0
| 185|0x000000063ac00000, 0x000000063ac00000, 0x000000063b000000|  0%| F|  |TAMS 0x000000063ac00000| PB 0x000000063ac00000| Untracked |  0
| 186|0x000000063b000000, 0x000000063b000000, 0x000000063b400000|  0%| F|  |TAMS 0x000000063b000000| PB 0x000000063b000000| Untracked |  0
| 187|0x000000063b400000, 0x000000063b400000, 0x000000063b800000|  0%| F|  |TAMS 0x000000063b400000| PB 0x000000063b400000| Untracked |  0
| 188|0x000000063b800000, 0x000000063b800000, 0x000000063bc00000|  0%| F|  |TAMS 0x000000063b800000| PB 0x000000063b800000| Untracked |  0
| 189|0x000000063bc00000, 0x000000063bc00000, 0x000000063c000000|  0%| F|  |TAMS 0x000000063bc00000| PB 0x000000063bc00000| Untracked |  0
| 190|0x000000063c000000, 0x000000063c000000, 0x000000063c400000|  0%| F|  |TAMS 0x000000063c000000| PB 0x000000063c000000| Untracked |  0
| 191|0x000000063c400000, 0x000000063c400000, 0x000000063c800000|  0%| F|  |TAMS 0x000000063c400000| PB 0x000000063c400000| Untracked |  0
| 192|0x000000063c800000, 0x000000063c800000, 0x000000063cc00000|  0%| F|  |TAMS 0x000000063c800000| PB 0x000000063c800000| Untracked |  0
| 193|0x000000063cc00000, 0x000000063cc00000, 0x000000063d000000|  0%| F|  |TAMS 0x000000063cc00000| PB 0x000000063cc00000| Untracked |  0
| 194|0x000000063d000000, 0x000000063d000000, 0x000000063d400000|  0%| F|  |TAMS 0x000000063d000000| PB 0x000000063d000000| Untracked |  0
| 195|0x000000063d400000, 0x000000063d400000, 0x000000063d800000|  0%| F|  |TAMS 0x000000063d400000| PB 0x000000063d400000| Untracked |  0
| 196|0x000000063d800000, 0x000000063d800000, 0x000000063dc00000|  0%| F|  |TAMS 0x000000063d800000| PB 0x000000063d800000| Untracked |  0
| 197|0x000000063dc00000, 0x000000063dc00000, 0x000000063e000000|  0%| F|  |TAMS 0x000000063dc00000| PB 0x000000063dc00000| Untracked |  0
| 198|0x000000063e000000, 0x000000063e000000, 0x000000063e400000|  0%| F|  |TAMS 0x000000063e000000| PB 0x000000063e000000| Untracked |  0
| 199|0x000000063e400000, 0x000000063e400000, 0x000000063e800000|  0%| F|  |TAMS 0x000000063e400000| PB 0x000000063e400000| Untracked |  0
| 200|0x000000063e800000, 0x000000063e800000, 0x000000063ec00000|  0%| F|  |TAMS 0x000000063e800000| PB 0x000000063e800000| Untracked |  0
| 201|0x000000063ec00000, 0x000000063ec00000, 0x000000063f000000|  0%| F|  |TAMS 0x000000063ec00000| PB 0x000000063ec00000| Untracked |  0
| 202|0x000000063f000000, 0x000000063f000000, 0x000000063f400000|  0%| F|  |TAMS 0x000000063f000000| PB 0x000000063f000000| Untracked |  0
| 203|0x000000063f400000, 0x000000063f400000, 0x000000063f800000|  0%| F|  |TAMS 0x000000063f400000| PB 0x000000063f400000| Untracked |  0
| 204|0x000000063f800000, 0x000000063f800000, 0x000000063fc00000|  0%| F|  |TAMS 0x000000063f800000| PB 0x000000063f800000| Untracked |  0
| 205|0x000000063fc00000, 0x000000063fc00000, 0x0000000640000000|  0%| F|  |TAMS 0x000000063fc00000| PB 0x000000063fc00000| Untracked |  0
| 206|0x0000000640000000, 0x0000000640000000, 0x0000000640400000|  0%| F|  |TAMS 0x0000000640000000| PB 0x0000000640000000| Untracked |  0
| 207|0x0000000640400000, 0x0000000640400000, 0x0000000640800000|  0%| F|  |TAMS 0x0000000640400000| PB 0x0000000640400000| Untracked |  0
| 208|0x0000000640800000, 0x0000000640800000, 0x0000000640c00000|  0%| F|  |TAMS 0x0000000640800000| PB 0x0000000640800000| Untracked |  0
| 209|0x0000000640c00000, 0x0000000640c00000, 0x0000000641000000|  0%| F|  |TAMS 0x0000000640c00000| PB 0x0000000640c00000| Untracked |  0
| 210|0x0000000641000000, 0x0000000641000000, 0x0000000641400000|  0%| F|  |TAMS 0x0000000641000000| PB 0x0000000641000000| Untracked |  0
| 211|0x0000000641400000, 0x0000000641400000, 0x0000000641800000|  0%| F|  |TAMS 0x0000000641400000| PB 0x0000000641400000| Untracked |  0
| 212|0x0000000641800000, 0x0000000641800000, 0x0000000641c00000|  0%| F|  |TAMS 0x0000000641800000| PB 0x0000000641800000| Untracked |  0
| 213|0x0000000641c00000, 0x0000000641c00000, 0x0000000642000000|  0%| F|  |TAMS 0x0000000641c00000| PB 0x0000000641c00000| Untracked |  0
| 214|0x0000000642000000, 0x0000000642000000, 0x0000000642400000|  0%| F|  |TAMS 0x0000000642000000| PB 0x0000000642000000| Untracked |  0
| 215|0x0000000642400000, 0x0000000642400000, 0x0000000642800000|  0%| F|  |TAMS 0x0000000642400000| PB 0x0000000642400000| Untracked |  0
| 216|0x0000000642800000, 0x0000000642800000, 0x0000000642c00000|  0%| F|  |TAMS 0x0000000642800000| PB 0x0000000642800000| Untracked |  0
| 217|0x0000000642c00000, 0x0000000642c00000, 0x0000000643000000|  0%| F|  |TAMS 0x0000000642c00000| PB 0x0000000642c00000| Untracked |  0
| 218|0x0000000643000000, 0x0000000643000000, 0x0000000643400000|  0%| F|  |TAMS 0x0000000643000000| PB 0x0000000643000000| Untracked |  0
| 219|0x0000000643400000, 0x0000000643400000, 0x0000000643800000|  0%| F|  |TAMS 0x0000000643400000| PB 0x0000000643400000| Untracked |  0
| 220|0x0000000643800000, 0x0000000643800000, 0x0000000643c00000|  0%| F|  |TAMS 0x0000000643800000| PB 0x0000000643800000| Untracked |  0
| 221|0x0000000643c00000, 0x0000000643c00000, 0x0000000644000000|  0%| F|  |TAMS 0x0000000643c00000| PB 0x0000000643c00000| Untracked |  0
| 222|0x0000000644000000, 0x0000000644000000, 0x0000000644400000|  0%| F|  |TAMS 0x0000000644000000| PB 0x0000000644000000| Untracked |  0
| 223|0x0000000644400000, 0x0000000644400000, 0x0000000644800000|  0%| F|  |TAMS 0x0000000644400000| PB 0x0000000644400000| Untracked |  0
| 224|0x0000000644800000, 0x0000000644800000, 0x0000000644c00000|  0%| F|  |TAMS 0x0000000644800000| PB 0x0000000644800000| Untracked |  0
| 225|0x0000000644c00000, 0x0000000644c00000, 0x0000000645000000|  0%| F|  |TAMS 0x0000000644c00000| PB 0x0000000644c00000| Untracked |  0
| 226|0x0000000645000000, 0x0000000645000000, 0x0000000645400000|  0%| F|  |TAMS 0x0000000645000000| PB 0x0000000645000000| Untracked |  0
| 227|0x0000000645400000, 0x0000000645400000, 0x0000000645800000|  0%| F|  |TAMS 0x0000000645400000| PB 0x0000000645400000| Untracked |  0
| 228|0x0000000645800000, 0x0000000645800000, 0x0000000645c00000|  0%| F|  |TAMS 0x0000000645800000| PB 0x0000000645800000| Untracked |  0
| 229|0x0000000645c00000, 0x0000000645c00000, 0x0000000646000000|  0%| F|  |TAMS 0x0000000645c00000| PB 0x0000000645c00000| Untracked |  0
| 230|0x0000000646000000, 0x0000000646000000, 0x0000000646400000|  0%| F|  |TAMS 0x0000000646000000| PB 0x0000000646000000| Untracked |  0
| 231|0x0000000646400000, 0x0000000646400000, 0x0000000646800000|  0%| F|  |TAMS 0x0000000646400000| PB 0x0000000646400000| Untracked |  0
| 232|0x0000000646800000, 0x0000000646800000, 0x0000000646c00000|  0%| F|  |TAMS 0x0000000646800000| PB 0x0000000646800000| Untracked |  0
| 233|0x0000000646c00000, 0x0000000646c00000, 0x0000000647000000|  0%| F|  |TAMS 0x0000000646c00000| PB 0x0000000646c00000| Untracked |  0
| 234|0x0000000647000000, 0x0000000647000000, 0x0000000647400000|  0%| F|  |TAMS 0x0000000647000000| PB 0x0000000647000000| Untracked |  0
| 235|0x0000000647400000, 0x0000000647400000, 0x0000000647800000|  0%| F|  |TAMS 0x0000000647400000| PB 0x0000000647400000| Untracked |  0
| 236|0x0000000647800000, 0x0000000647800000, 0x0000000647c00000|  0%| F|  |TAMS 0x0000000647800000| PB 0x0000000647800000| Untracked |  0
| 237|0x0000000647c00000, 0x0000000647c00000, 0x0000000648000000|  0%| F|  |TAMS 0x0000000647c00000| PB 0x0000000647c00000| Untracked |  0
| 238|0x0000000648000000, 0x0000000648000000, 0x0000000648400000|  0%| F|  |TAMS 0x0000000648000000| PB 0x0000000648000000| Untracked |  0
| 239|0x0000000648400000, 0x0000000648400000, 0x0000000648800000|  0%| F|  |TAMS 0x0000000648400000| PB 0x0000000648400000| Untracked |  0
| 240|0x0000000648800000, 0x0000000648800000, 0x0000000648c00000|  0%| F|  |TAMS 0x0000000648800000| PB 0x0000000648800000| Untracked |  0
| 241|0x0000000648c00000, 0x0000000648c00000, 0x0000000649000000|  0%| F|  |TAMS 0x0000000648c00000| PB 0x0000000648c00000| Untracked |  0
| 242|0x0000000649000000, 0x0000000649000000, 0x0000000649400000|  0%| F|  |TAMS 0x0000000649000000| PB 0x0000000649000000| Untracked |  0
| 243|0x0000000649400000, 0x0000000649400000, 0x0000000649800000|  0%| F|  |TAMS 0x0000000649400000| PB 0x0000000649400000| Untracked |  0
| 244|0x0000000649800000, 0x0000000649800000, 0x0000000649c00000|  0%| F|  |TAMS 0x0000000649800000| PB 0x0000000649800000| Untracked |  0
| 245|0x0000000649c00000, 0x0000000649c00000, 0x000000064a000000|  0%| F|  |TAMS 0x0000000649c00000| PB 0x0000000649c00000| Untracked |  0
| 246|0x000000064a000000, 0x000000064a000000, 0x000000064a400000|  0%| F|  |TAMS 0x000000064a000000| PB 0x000000064a000000| Untracked |  0
| 247|0x000000064a400000, 0x000000064a400000, 0x000000064a800000|  0%| F|  |TAMS 0x000000064a400000| PB 0x000000064a400000| Untracked |  0
| 248|0x000000064a800000, 0x000000064a800000, 0x000000064ac00000|  0%| F|  |TAMS 0x000000064a800000| PB 0x000000064a800000| Untracked |  0
| 249|0x000000064ac00000, 0x000000064ac00000, 0x000000064b000000|  0%| F|  |TAMS 0x000000064ac00000| PB 0x000000064ac00000| Untracked |  0
| 250|0x000000064b000000, 0x000000064b000000, 0x000000064b400000|  0%| F|  |TAMS 0x000000064b000000| PB 0x000000064b000000| Untracked |  0
| 251|0x000000064b400000, 0x000000064b400000, 0x000000064b800000|  0%| F|  |TAMS 0x000000064b400000| PB 0x000000064b400000| Untracked |  0
| 252|0x000000064b800000, 0x000000064b800000, 0x000000064bc00000|  0%| F|  |TAMS 0x000000064b800000| PB 0x000000064b800000| Untracked |  0
| 253|0x000000064bc00000, 0x000000064bc00000, 0x000000064c000000|  0%| F|  |TAMS 0x000000064bc00000| PB 0x000000064bc00000| Untracked |  0
| 254|0x000000064c000000, 0x000000064c000000, 0x000000064c400000|  0%| F|  |TAMS 0x000000064c000000| PB 0x000000064c000000| Untracked |  0
| 255|0x000000064c400000, 0x000000064c400000, 0x000000064c800000|  0%| F|  |TAMS 0x000000064c400000| PB 0x000000064c400000| Untracked |  0
| 256|0x000000064c800000, 0x000000064c800000, 0x000000064cc00000|  0%| F|  |TAMS 0x000000064c800000| PB 0x000000064c800000| Untracked |  0
| 257|0x000000064cc00000, 0x000000064cc00000, 0x000000064d000000|  0%| F|  |TAMS 0x000000064cc00000| PB 0x000000064cc00000| Untracked |  0
| 258|0x000000064d000000, 0x000000064d000000, 0x000000064d400000|  0%| F|  |TAMS 0x000000064d000000| PB 0x000000064d000000| Untracked |  0
| 259|0x000000064d400000, 0x000000064d400000, 0x000000064d800000|  0%| F|  |TAMS 0x000000064d400000| PB 0x000000064d400000| Untracked |  0
| 260|0x000000064d800000, 0x000000064d800000, 0x000000064dc00000|  0%| F|  |TAMS 0x000000064d800000| PB 0x000000064d800000| Untracked |  0
| 261|0x000000064dc00000, 0x000000064dc00000, 0x000000064e000000|  0%| F|  |TAMS 0x000000064dc00000| PB 0x000000064dc00000| Untracked |  0
| 262|0x000000064e000000, 0x000000064e000000, 0x000000064e400000|  0%| F|  |TAMS 0x000000064e000000| PB 0x000000064e000000| Untracked |  0
| 263|0x000000064e400000, 0x000000064e400000, 0x000000064e800000|  0%| F|  |TAMS 0x000000064e400000| PB 0x000000064e400000| Untracked |  0
| 264|0x000000064e800000, 0x000000064e800000, 0x000000064ec00000|  0%| F|  |TAMS 0x000000064e800000| PB 0x000000064e800000| Untracked |  0
| 265|0x000000064ec00000, 0x000000064ec00000, 0x000000064f000000|  0%| F|  |TAMS 0x000000064ec00000| PB 0x000000064ec00000| Untracked |  0
| 266|0x000000064f000000, 0x000000064f000000, 0x000000064f400000|  0%| F|  |TAMS 0x000000064f000000| PB 0x000000064f000000| Untracked |  0
| 267|0x000000064f400000, 0x000000064f400000, 0x000000064f800000|  0%| F|  |TAMS 0x000000064f400000| PB 0x000000064f400000| Untracked |  0
| 268|0x000000064f800000, 0x000000064f800000, 0x000000064fc00000|  0%| F|  |TAMS 0x000000064f800000| PB 0x000000064f800000| Untracked |  0
| 269|0x000000064fc00000, 0x000000064fc00000, 0x0000000650000000|  0%| F|  |TAMS 0x000000064fc00000| PB 0x000000064fc00000| Untracked |  0
| 270|0x0000000650000000, 0x0000000650000000, 0x0000000650400000|  0%| F|  |TAMS 0x0000000650000000| PB 0x0000000650000000| Untracked |  0
| 271|0x0000000650400000, 0x0000000650400000, 0x0000000650800000|  0%| F|  |TAMS 0x0000000650400000| PB 0x0000000650400000| Untracked |  0
| 272|0x0000000650800000, 0x0000000650800000, 0x0000000650c00000|  0%| F|  |TAMS 0x0000000650800000| PB 0x0000000650800000| Untracked |  0
| 273|0x0000000650c00000, 0x0000000650c00000, 0x0000000651000000|  0%| F|  |TAMS 0x0000000650c00000| PB 0x0000000650c00000| Untracked |  0
| 274|0x0000000651000000, 0x0000000651000000, 0x0000000651400000|  0%| F|  |TAMS 0x0000000651000000| PB 0x0000000651000000| Untracked |  0
| 275|0x0000000651400000, 0x0000000651400000, 0x0000000651800000|  0%| F|  |TAMS 0x0000000651400000| PB 0x0000000651400000| Untracked |  0
| 276|0x0000000651800000, 0x0000000651800000, 0x0000000651c00000|  0%| F|  |TAMS 0x0000000651800000| PB 0x0000000651800000| Untracked |  0
| 277|0x0000000651c00000, 0x0000000651c00000, 0x0000000652000000|  0%| F|  |TAMS 0x0000000651c00000| PB 0x0000000651c00000| Untracked |  0
| 278|0x0000000652000000, 0x0000000652000000, 0x0000000652400000|  0%| F|  |TAMS 0x0000000652000000| PB 0x0000000652000000| Untracked |  0
| 279|0x0000000652400000, 0x0000000652400000, 0x0000000652800000|  0%| F|  |TAMS 0x0000000652400000| PB 0x0000000652400000| Untracked |  0
| 280|0x0000000652800000, 0x0000000652800000, 0x0000000652c00000|  0%| F|  |TAMS 0x0000000652800000| PB 0x0000000652800000| Untracked |  0
| 281|0x0000000652c00000, 0x0000000652f97670, 0x0000000653000000| 89%| S|CS|TAMS 0x0000000652c00000| PB 0x0000000652c00000| Complete |  0
| 282|0x0000000653000000, 0x0000000653000000, 0x0000000653400000|  0%| F|  |TAMS 0x0000000653000000| PB 0x0000000653000000| Untracked |  0
| 283|0x0000000653400000, 0x0000000653400000, 0x0000000653800000|  0%| F|  |TAMS 0x0000000653400000| PB 0x0000000653400000| Untracked |  0
| 284|0x0000000653800000, 0x0000000653800000, 0x0000000653c00000|  0%| F|  |TAMS 0x0000000653800000| PB 0x0000000653800000| Untracked |  0
| 285|0x0000000653c00000, 0x0000000654000000, 0x0000000654000000|100%| S|CS|TAMS 0x0000000653c00000| PB 0x0000000653c00000| Complete |  0
| 286|0x0000000654000000, 0x0000000654400000, 0x0000000654400000|100%| S|CS|TAMS 0x0000000654000000| PB 0x0000000654000000| Complete |  0
| 287|0x0000000654400000, 0x0000000654800000, 0x0000000654800000|100%| S|CS|TAMS 0x0000000654400000| PB 0x0000000654400000| Complete |  0
| 288|0x0000000654800000, 0x0000000654800000, 0x0000000654c00000|  0%| F|  |TAMS 0x0000000654800000| PB 0x0000000654800000| Untracked |  0
| 289|0x0000000654c00000, 0x0000000655000000, 0x0000000655000000|100%| S|CS|TAMS 0x0000000654c00000| PB 0x0000000654c00000| Complete |  0
| 290|0x0000000655000000, 0x0000000655000000, 0x0000000655400000|  0%| F|  |TAMS 0x0000000655000000| PB 0x0000000655000000| Untracked |  0
| 291|0x0000000655400000, 0x0000000655400000, 0x0000000655800000|  0%| F|  |TAMS 0x0000000655400000| PB 0x0000000655400000| Untracked |  0

Card table byte_map: [0x0000023ab8e80000,0x0000023ab9e20000] _byte_map_base: 0x0000023ab5e1c000

Marking Bits: (CMBitMap*) 0x0000023aa06bb740
 Bits: [0x0000023ab9e20000, 0x0000023ac1b00000)

Polling page: 0x0000023a9fe10000

Metaspace:

Usage:
  Non-class:     24.02 MB used.
      Class:      3.30 MB used.
       Both:     27.32 MB used.

Virtual space:
  Non-class space:       64.00 MB reserved,      24.31 MB ( 38%) committed,  1 nodes.
      Class space:        1.00 GB reserved,       3.50 MB ( <1%) committed,  1 nodes.
             Both:        1.06 GB reserved,      27.81 MB (  3%) committed. 

Chunk freelists:
   Non-Class:  7.49 MB
       Class:  12.54 MB
        Both:  20.03 MB

MaxMetaspaceSize: unlimited
CompressedClassSpaceSize: 1.00 GB
Initial GC threshold: 21.00 MB
Current GC threshold: 45.31 MB
CDS: on
 - commit_granule_bytes: 65536.
 - commit_granule_words: 8192.
 - virtual_space_node_default_size: 8388608.
 - enlarge_chunks_in_place: 1.
 - use_allocation_guard: 0.


Internal statistics:

num_allocs_failed_limit: 3.
num_arena_births: 586.
num_arena_deaths: 0.
num_vsnodes_births: 2.
num_vsnodes_deaths: 0.
num_space_committed: 445.
num_space_uncommitted: 0.
num_chunks_returned_to_freelist: 3.
num_chunks_taken_from_freelist: 1579.
num_chunk_merges: 3.
num_chunk_splits: 1067.
num_chunks_enlarged: 752.
num_inconsistent_stats: 0.

CodeHeap 'non-profiled nmethods': size=120000Kb used=1704Kb max_used=1741Kb free=118295Kb
 bounds [0x0000023ab0460000, 0x0000023ab06d0000, 0x0000023ab7990000]
CodeHeap 'profiled nmethods': size=120000Kb used=6064Kb max_used=6064Kb free=113935Kb
 bounds [0x0000023aa8990000, 0x0000023aa8f80000, 0x0000023aafec0000]
CodeHeap 'non-nmethods': size=5760Kb used=1607Kb max_used=1669Kb free=4152Kb
 bounds [0x0000023aafec0000, 0x0000023ab0130000, 0x0000023ab0460000]
 total_blobs=3949 nmethods=3289 adapters=564
 compilation: enabled
              stopped_count=0, restarted_count=0
 full_count=0

Compilation events (20 events):
Event: 317.123 Thread 0x0000023ac48d3930 3741       3       java.lang.invoke.Invokers$Holder::linkToTargetMethod (10 bytes)
Event: 317.123 Thread 0x0000023ac48d3930 nmethod 3741 0x0000023aa8f79010 code [0x0000023aa8f791c0, 0x0000023aa8f79450]
Event: 317.123 Thread 0x0000023ac48d3930 3742       3       java.lang.invoke.DirectMethodHandle$Holder::newInvokeSpecial (24 bytes)
Event: 317.123 Thread 0x0000023ac48d3930 nmethod 3742 0x0000023aa8f79510 code [0x0000023aa8f79700, 0x0000023aa8f79c70]
Event: 317.123 Thread 0x0000023ac48d3930 3743       3       java.util.regex.Pattern::Range (37 bytes)
Event: 317.124 Thread 0x0000023ac48d3930 nmethod 3743 0x0000023aa8f79e10 code [0x0000023aa8f7a020, 0x0000023aa8f7a678]
Event: 317.124 Thread 0x0000023ac48d3930 3744       1       com.mitchellbosecke.pebble.lexer.Syntax::getPrintOpenDelimiter (5 bytes)
Event: 317.124 Thread 0x0000023ac48d3930 nmethod 3744 0x0000023ab0577690 code [0x0000023ab0577820, 0x0000023ab05778f0]
Event: 317.124 Thread 0x0000023ac48d3930 3746       1       com.mitchellbosecke.pebble.node.PrintNode::getExpression (5 bytes)
Event: 317.124 Thread 0x0000023ac48d3930 nmethod 3746 0x0000023ab0577390 code [0x0000023ab0577520, 0x0000023ab05775f0]
Event: 317.124 Thread 0x0000023ac48d3930 3747       3       java.lang.invoke.LambdaForm$DMH/0x0000023ac6084400::newInvokeSpecial (30 bytes)
Event: 317.124 Thread 0x0000023ac48d3930 nmethod 3747 0x0000023aa8f7a890 code [0x0000023aa8f7aa80, 0x0000023aa8f7b1e8]
Event: 317.125 Thread 0x0000023ac48d3930 3748       3       com.mitchellbosecke.pebble.lexer.TemplateSource::substring (25 bytes)
Event: 317.125 Thread 0x0000023ac48d3930 nmethod 3748 0x0000023aa8f7b410 code [0x0000023aa8f7b5c0, 0x0000023aa8f7b7b8]
Event: 317.126 Thread 0x0000023ac48d3930 3749       3       java.util.regex.Pattern$GroupHead::match (47 bytes)
Event: 317.126 Thread 0x0000023ac48d3930 nmethod 3749 0x0000023aa8f7b890 code [0x0000023aa8f7ba40, 0x0000023aa8f7bcb8]
Event: 317.126 Thread 0x0000023ac48d3930 3750       3       java.util.ArrayDeque::push (6 bytes)
Event: 317.126 Thread 0x0000023ac48d3930 nmethod 3750 0x0000023aa8f7be90 code [0x0000023aa8f7c040, 0x0000023aa8f7c198]
Event: 317.126 Thread 0x0000023ac48d3930 3751       3       java.util.ArrayDeque::addFirst (51 bytes)
Event: 317.127 Thread 0x0000023ac48d3930 nmethod 3751 0x0000023aa8f7c290 code [0x0000023aa8f7c460, 0x0000023aa8f7c900]

GC Heap History (20 events):
Event: 286.619 GC heap after
{Heap after GC invocations=21 (full 0):
 garbage-first heap   total reserved 8183808K, committed 1196032K, used 212787K [0x000000060c800000, 0x0000000800000000)
  region size 4096K, 1 young (4096K), 1 survivors (4096K)
 Metaspace       used 27413K, committed 27840K, reserved 1114112K
  class space    used 3343K, committed 3520K, reserved 1048576K
}
Event: 288.467 GC heap before
{Heap before GC invocations=21 (full 0):
 garbage-first heap   total reserved 8183808K, committed 1196032K, used 548659K [0x000000060c800000, 0x0000000800000000)
  region size 4096K, 5 young (20480K), 1 survivors (4096K)
 Metaspace       used 27615K, committed 28032K, reserved 1114112K
  class space    used 3343K, committed 3520K, reserved 1048576K
}
Event: 288.470 GC heap after
{Heap after GC invocations=22 (full 0):
 garbage-first heap   total reserved 8183808K, committed 1196032K, used 167358K [0x000000060c800000, 0x0000000800000000)
  region size 4096K, 1 young (4096K), 1 survivors (4096K)
 Metaspace       used 27615K, committed 28032K, reserved 1114112K
  class space    used 3343K, committed 3520K, reserved 1048576K
}
Event: 288.921 GC heap before
{Heap before GC invocations=22 (full 0):
 garbage-first heap   total reserved 8183808K, committed 1196032K, used 523710K [0x000000060c800000, 0x0000000800000000)
  region size 4096K, 5 young (20480K), 1 survivors (4096K)
 Metaspace       used 27650K, committed 28160K, reserved 1114112K
  class space    used 3344K, committed 3520K, reserved 1048576K
}
Event: 288.923 GC heap after
{Heap after GC invocations=23 (full 0):
 garbage-first heap   total reserved 8183808K, committed 1196032K, used 266922K [0x000000060c800000, 0x0000000800000000)
  region size 4096K, 1 young (4096K), 1 survivors (4096K)
 Metaspace       used 27650K, committed 28160K, reserved 1114112K
  class space    used 3344K, committed 3520K, reserved 1048576K
}
Event: 304.068 GC heap before
{Heap before GC invocations=23 (full 0):
 garbage-first heap   total reserved 8183808K, committed 1196032K, used 541354K [0x000000060c800000, 0x0000000800000000)
  region size 4096K, 4 young (16384K), 1 survivors (4096K)
 Metaspace       used 27727K, committed 28160K, reserved 1114112K
  class space    used 3350K, committed 3520K, reserved 1048576K
}
Event: 304.072 GC heap after
{Heap after GC invocations=24 (full 0):
 garbage-first heap   total reserved 8183808K, committed 1196032K, used 85222K [0x000000060c800000, 0x0000000800000000)
  region size 4096K, 1 young (4096K), 1 survivors (4096K)
 Metaspace       used 27727K, committed 28160K, reserved 1114112K
  class space    used 3350K, committed 3520K, reserved 1048576K
}
Event: 315.043 GC heap before
{Heap before GC invocations=24 (full 0):
 garbage-first heap   total reserved 8183808K, committed 1196032K, used 543974K [0x000000060c800000, 0x0000000800000000)
  region size 4096K, 3 young (12288K), 1 survivors (4096K)
 Metaspace       used 27794K, committed 28224K, reserved 1114112K
  class space    used 3357K, committed 3520K, reserved 1048576K
}
Event: 315.045 GC heap after
{Heap after GC invocations=25 (full 0):
 garbage-first heap   total reserved 8183808K, committed 1196032K, used 35046K [0x000000060c800000, 0x0000000800000000)
  region size 4096K, 1 young (4096K), 1 survivors (4096K)
 Metaspace       used 27794K, committed 28224K, reserved 1114112K
  class space    used 3357K, committed 3520K, reserved 1048576K
}
Event: 316.569 GC heap before
{Heap before GC invocations=25 (full 0):
 garbage-first heap   total reserved 8183808K, committed 1196032K, used 551142K [0x000000060c800000, 0x0000000800000000)
  region size 4096K, 7 young (28672K), 1 survivors (4096K)
 Metaspace       used 27848K, committed 28288K, reserved 1114112K
  class space    used 3359K, committed 3520K, reserved 1048576K
}
Event: 316.572 GC heap after
{Heap after GC invocations=26 (full 0):
 garbage-first heap   total reserved 8183808K, committed 1196032K, used 248291K [0x000000060c800000, 0x0000000800000000)
  region size 4096K, 3 young (12288K), 3 survivors (12288K)
 Metaspace       used 27848K, committed 28288K, reserved 1114112K
  class space    used 3359K, committed 3520K, reserved 1048576K
}
Event: 316.912 GC heap before
{Heap before GC invocations=26 (full 0):
 garbage-first heap   total reserved 8183808K, committed 1196032K, used 555491K [0x000000060c800000, 0x0000000800000000)
  region size 4096K, 7 young (28672K), 3 survivors (12288K)
 Metaspace       used 27865K, committed 28352K, reserved 1114112K
  class space    used 3362K, committed 3520K, reserved 1048576K
}
Event: 316.915 GC heap after
{Heap after GC invocations=27 (full 0):
 garbage-first heap   total reserved 8183808K, committed 1196032K, used 416106K [0x000000060c800000, 0x0000000800000000)
  region size 4096K, 4 young (16384K), 4 survivors (16384K)
 Metaspace       used 27865K, committed 28352K, reserved 1114112K
  class space    used 3362K, committed 3520K, reserved 1048576K
}
Event: 316.984 GC heap before
{Heap before GC invocations=27 (full 0):
 garbage-first heap   total reserved 8183808K, committed 1196032K, used 555370K [0x000000060c800000, 0x0000000800000000)
  region size 4096K, 7 young (28672K), 4 survivors (16384K)
 Metaspace       used 27886K, committed 28352K, reserved 1114112K
  class space    used 3362K, committed 3520K, reserved 1048576K
}
Event: 316.987 GC heap after
{Heap after GC invocations=28 (full 0):
 garbage-first heap   total reserved 8183808K, committed 1196032K, used 473895K [0x000000060c800000, 0x0000000800000000)
  region size 4096K, 5 young (20480K), 5 survivors (20480K)
 Metaspace       used 27886K, committed 28352K, reserved 1114112K
  class space    used 3362K, committed 3520K, reserved 1048576K
}
Event: 317.085 GC heap before
{Heap before GC invocations=28 (full 0):
 garbage-first heap   total reserved 8183808K, committed 1196032K, used 547623K [0x000000060c800000, 0x0000000800000000)
  region size 4096K, 7 young (28672K), 5 survivors (20480K)
 Metaspace       used 27963K, committed 28480K, reserved 1114112K
  class space    used 3378K, committed 3584K, reserved 1048576K
}
Event: 317.089 GC heap after
{Heap after GC invocations=29 (full 0):
 garbage-first heap   total reserved 8183808K, committed 1196032K, used 521149K [0x000000060c800000, 0x0000000800000000)
  region size 4096K, 5 young (20480K), 5 survivors (20480K)
 Metaspace       used 27963K, committed 28480K, reserved 1114112K
  class space    used 3378K, committed 3584K, reserved 1048576K
}
Event: 317.114 GC heap before
{Heap before GC invocations=29 (full 0):
 garbage-first heap   total reserved 8183808K, committed 1196032K, used 537533K [0x000000060c800000, 0x0000000800000000)
  region size 4096K, 6 young (24576K), 5 survivors (20480K)
 Metaspace       used 27973K, committed 28480K, reserved 1114112K
  class space    used 3378K, committed 3584K, reserved 1048576K
}
Event: 317.117 GC heap after
{Heap after GC invocations=30 (full 0):
 garbage-first heap   total reserved 8183808K, committed 1196032K, used 529331K [0x000000060c800000, 0x0000000800000000)
  region size 4096K, 5 young (20480K), 5 survivors (20480K)
 Metaspace       used 27973K, committed 28480K, reserved 1114112K
  class space    used 3378K, committed 3584K, reserved 1048576K
}
Event: 317.135 GC heap before
{Heap before GC invocations=30 (full 0):
 garbage-first heap   total reserved 8183808K, committed 1196032K, used 553907K [0x000000060c800000, 0x0000000800000000)
  region size 4096K, 6 young (24576K), 5 survivors (20480K)
 Metaspace       used 27976K, committed 28480K, reserved 1114112K
  class space    used 3378K, committed 3584K, reserved 1048576K
}

Dll operation events (14 events):
Event: 0.010 Loaded shared library C:\Users\ahmad\.jdks\openjdk-22.0.2\bin\java.dll
Event: 0.043 Loaded shared library C:\Users\ahmad\.jdks\openjdk-22.0.2\bin\jsvml.dll
Event: 0.110 Loaded shared library C:\Users\ahmad\.jdks\openjdk-22.0.2\bin\zip.dll
Event: 0.114 Loaded shared library C:\Users\ahmad\.jdks\openjdk-22.0.2\bin\instrument.dll
Event: 0.117 Loaded shared library C:\Users\ahmad\.jdks\openjdk-22.0.2\bin\net.dll
Event: 0.118 Loaded shared library C:\Users\ahmad\.jdks\openjdk-22.0.2\bin\nio.dll
Event: 0.123 Loaded shared library C:\Users\ahmad\.jdks\openjdk-22.0.2\bin\zip.dll
Event: 0.165 Loaded shared library C:\Program Files\JetBrains\IntelliJ IDEA 2024.2\bin\breakgen64.dll
Event: 0.176 Loaded shared library C:\Users\ahmad\.jdks\openjdk-22.0.2\bin\extnet.dll
Event: 0.183 Loaded shared library C:\Users\ahmad\.jdks\openjdk-22.0.2\bin\jimage.dll
Event: 0.454 Loaded shared library C:\Users\ahmad\.jdks\openjdk-22.0.2\bin\verify.dll
Event: 1.201 Loaded shared library C:\Users\ahmad\.jdks\openjdk-22.0.2\bin\sunmscapi.dll
Event: 1.248 Loaded shared library C:\Users\ahmad\.jdks\openjdk-22.0.2\bin\management.dll
Event: 1.250 Loaded shared library C:\Users\ahmad\.jdks\openjdk-22.0.2\bin\management_ext.dll

Deoptimization events (20 events):
Event: 290.633 Thread 0x0000023b0b0204e0 Uncommon trap: trap_request=0xffffff45 fr.pc=0x0000023ab04dd154 relative=0x0000000000000494
Event: 290.633 Thread 0x0000023b0b0204e0 Uncommon trap: reason=unstable_if action=reinterpret pc=0x0000023ab04dd154 method=java.util.zip.Deflater.deflate([BIII)I @ 324 c2
Event: 290.633 Thread 0x0000023b0b0204e0 DEOPT PACKING pc=0x0000023ab04dd154 sp=0x000000ed5e9fe0d0
Event: 290.633 Thread 0x0000023b0b0204e0 DEOPT UNPACKING pc=0x0000023aaff146a2 sp=0x000000ed5e9fe040 mode 2
Event: 314.726 Thread 0x0000023b0acc9ee0 Uncommon trap: trap_request=0xffffffd6 fr.pc=0x0000023ab05fba00 relative=0x0000000000003dc0
Event: 314.727 Thread 0x0000023b0acc9ee0 Uncommon trap: reason=array_check action=maybe_recompile pc=0x0000023ab05fba00 method=org.jdbi.v3.core.inlined.org.antlr.v4.runtime.misc.$Array2DHashSet.getOrAddImpl(Ljava/lang/Object;)Ljava/lang/Object; @ 36 c2
Event: 314.727 Thread 0x0000023b0acc9ee0 DEOPT PACKING pc=0x0000023ab05fba00 sp=0x000000ed5d9fcd90
Event: 314.727 Thread 0x0000023b0acc9ee0 DEOPT UNPACKING pc=0x0000023aaff146a2 sp=0x000000ed5d9fcbb8 mode 2
Event: 315.181 Thread 0x0000023b0ac97ec0 Uncommon trap: trap_request=0xffffffcc fr.pc=0x0000023ab0582388 relative=0x0000000000000348
Event: 315.181 Thread 0x0000023b0ac97ec0 Uncommon trap: reason=intrinsic_or_type_checked_inlining action=make_not_entrant pc=0x0000023ab0582388 method=java.util.Arrays.copyOf([Ljava/lang/Object;ILjava/lang/Class;)[Ljava/lang/Object; @ 35 c2
Event: 315.181 Thread 0x0000023b0ac97ec0 DEOPT PACKING pc=0x0000023ab0582388 sp=0x000000ed5dbfd150
Event: 315.181 Thread 0x0000023b0ac97ec0 DEOPT UNPACKING pc=0x0000023aaff146a2 sp=0x000000ed5dbfd0e0 mode 2
Event: 317.047 Thread 0x0000023b0acc9ee0 Uncommon trap: trap_request=0xffffffd6 fr.pc=0x0000023ab05d29f8 relative=0x0000000000000c98
Event: 317.047 Thread 0x0000023b0acc9ee0 Uncommon trap: reason=array_check action=maybe_recompile pc=0x0000023ab05d29f8 method=org.jdbi.v3.core.inlined.org.antlr.v4.runtime.misc.$Array2DHashSet.getOrAddImpl(Ljava/lang/Object;)Ljava/lang/Object; @ 74 c2
Event: 317.047 Thread 0x0000023b0acc9ee0 DEOPT PACKING pc=0x0000023ab05d29f8 sp=0x000000ed5d9fc920
Event: 317.047 Thread 0x0000023b0acc9ee0 DEOPT UNPACKING pc=0x0000023aaff146a2 sp=0x000000ed5d9fc8d0 mode 2
Event: 317.047 Thread 0x0000023b0acc9ee0 Uncommon trap: trap_request=0xffffffd6 fr.pc=0x0000023ab05d29f8 relative=0x0000000000000c98
Event: 317.047 Thread 0x0000023b0acc9ee0 Uncommon trap: reason=array_check action=maybe_recompile pc=0x0000023ab05d29f8 method=org.jdbi.v3.core.inlined.org.antlr.v4.runtime.misc.$Array2DHashSet.getOrAddImpl(Ljava/lang/Object;)Ljava/lang/Object; @ 74 c2
Event: 317.047 Thread 0x0000023b0acc9ee0 DEOPT PACKING pc=0x0000023ab05d29f8 sp=0x000000ed5d9fc920
Event: 317.047 Thread 0x0000023b0acc9ee0 DEOPT UNPACKING pc=0x0000023aaff146a2 sp=0x000000ed5d9fc8d0 mode 2

Classes loaded (20 events):
Event: 15.118 Loading class java/io/InvalidClassException
Event: 15.118 Loading class java/io/InvalidClassException done
Event: 15.136 Loading class java/util/ArrayList$ListItr
Event: 15.136 Loading class java/util/ArrayList$ListItr done
Event: 15.316 Loading class java/util/EventObject
Event: 15.316 Loading class java/util/EventObject done
Event: 15.440 Loading class java/lang/ArrayIndexOutOfBoundsException
Event: 15.440 Loading class java/lang/ArrayIndexOutOfBoundsException done
Event: 15.491 Loading class java/lang/Short$ShortCache
Event: 15.492 Loading class java/lang/Short$ShortCache done
Event: 15.577 Loading class java/time/format/DateTimePrintContext$1
Event: 15.577 Loading class java/time/format/DateTimePrintContext$1 done
Event: 75.726 Loading class java/io/PrintWriter$1
Event: 75.726 Loading class jdk/internal/access/JavaIOPrintWriterAccess
Event: 75.726 Loading class jdk/internal/access/JavaIOPrintWriterAccess done
Event: 75.726 Loading class java/io/PrintWriter$1 done
Event: 288.957 Loading class java/util/concurrent/CompletionException
Event: 288.957 Loading class java/util/concurrent/CompletionException done
Event: 317.030 Loading class java/util/function/UnaryOperator
Event: 317.040 Loading class java/util/function/UnaryOperator done

Classes unloaded (0 events):
No events

Classes redefined (0 events):
No events

Internal exceptions (20 events):
Event: 2.086 Thread 0x0000023a9e4bd550 Exception <a 'java/lang/NoSuchMethodError'{0x000000060dc3be28}: 'java.lang.Object java.lang.invoke.DirectMethodHandle$Holder.invokeStatic(java.lang.Object, java.lang.Object, int, java.lang.Object)'> (0x000000060dc3be28) 
thrown [s\open\src\hotspot\share\interpreter\linkResolver.cpp, line 774]
Event: 2.090 Thread 0x0000023a9e4bd550 Exception <a 'java/lang/NoSuchMethodError'{0x000000060dc57278}: 'int java.lang.invoke.DirectMethodHandle$Holder.invokeInterface(java.lang.Object, java.lang.Object, int)'> (0x000000060dc57278) 
thrown [s\open\src\hotspot\share\interpreter\linkResolver.cpp, line 774]
Event: 2.092 Thread 0x0000023a9e4bd550 Exception <a 'java/lang/NoSuchMethodError'{0x000000060dc65f50}: 'long java.lang.invoke.DirectMethodHandle$Holder.invokeInterface(java.lang.Object, java.lang.Object, int)'> (0x000000060dc65f50) 
thrown [s\open\src\hotspot\share\interpreter\linkResolver.cpp, line 774]
Event: 2.098 Thread 0x0000023a9e4bd550 Exception <a 'java/lang/NoSuchMethodError'{0x000000060dca3cc8}: 'java.lang.Object java.lang.invoke.DirectMethodHandle$Holder.invokeStatic(java.lang.Object, java.lang.Object, java.lang.Object, java.lang.Object, java.lang.Object, int, java.lang.Object)'> (0x000000060dca3cc8) 
thrown [s\open\src\hotspot\share\interpreter\linkResolver.cpp, line 774]
Event: 2.098 Thread 0x0000023a9e4bd550 Exception <a 'java/lang/NoSuchMethodError'{0x000000060dca7538}: 'java.lang.Object java.lang.invoke.DirectMethodHandle$Holder.invokeStaticInit(java.lang.Object, java.lang.Object, java.lang.Object, java.lang.Object, java.lang.Object, int, java.lang.Object)'> (0x000000060dca7538) 
thrown [s\open\src\hotspot\share\interpreter\linkResolver.cpp, line 774]
Event: 2.098 Thread 0x0000023a9e4bd550 Exception <a 'java/lang/NoSuchMethodError'{0x000000060dcae618}: 'java.lang.Object java.lang.invoke.DirectMethodHandle$Holder.invokeStaticInit(java.lang.Object, java.lang.Object, java.lang.Object, java.lang.Object)'> (0x000000060dcae618) 
thrown [s\open\src\hotspot\share\interpreter\linkResolver.cpp, line 774]
Event: 2.099 Thread 0x0000023a9e4bd550 Exception <a 'java/lang/NoSuchMethodError'{0x000000060dcb8ef8}: 'java.lang.Object java.lang.invoke.DirectMethodHandle$Holder.invokeStaticInit(java.lang.Object, long)'> (0x000000060dcb8ef8) 
thrown [s\open\src\hotspot\share\interpreter\linkResolver.cpp, line 774]
Event: 2.100 Thread 0x0000023a9e4bd550 Exception <a 'java/lang/NoSuchMethodError'{0x000000060dcc3500}: 'java.lang.Object java.lang.invoke.DirectMethodHandle$Holder.invokeStaticInit(java.lang.Object, double)'> (0x000000060dcc3500) 
thrown [s\open\src\hotspot\share\interpreter\linkResolver.cpp, line 774]
Event: 15.013 Thread 0x0000023b0acc9ee0 Implicit null exception at 0x0000023ab052a72a to 0x0000023ab052b0b8
Event: 15.016 Thread 0x0000023b0acc9ee0 Implicit null exception at 0x0000023ab054031f to 0x0000023ab054ab04
Event: 15.036 Thread 0x0000023b0acc9ee0 Exception <a 'java/lang/NoSuchMethodError'{0x000000060db12c58}: 'void java.lang.invoke.DirectMethodHandle$Holder.invokeSpecialIFC(java.lang.Object, java.lang.Object, java.lang.Object)'> (0x000000060db12c58) 
thrown [s\open\src\hotspot\share\interpreter\linkResolver.cpp, line 774]
Event: 15.313 Thread 0x0000023b0acc9ee0 Exception <a 'java/lang/NoSuchMethodError'{0x000000060e472d18}: 'int java.lang.invoke.DirectMethodHandle$Holder.invokeStatic(java.lang.Object)'> (0x000000060e472d18) 
thrown [s\open\src\hotspot\share\interpreter\linkResolver.cpp, line 774]
Event: 15.314 Thread 0x0000023b0acc9ee0 Exception <a 'java/lang/NoSuchMethodError'{0x000000060e4763f0}: 'int java.lang.invoke.DirectMethodHandle$Holder.invokeStaticInit(java.lang.Object)'> (0x000000060e4763f0) 
thrown [s\open\src\hotspot\share\interpreter\linkResolver.cpp, line 774]
Event: 15.321 Thread 0x0000023b0acc9ee0 Exception <a 'java/lang/NoSuchMethodError'{0x000000060e49bf90}: 'java.lang.Object java.lang.invoke.DirectMethodHandle$Holder.newInvokeSpecial(java.lang.Object, java.lang.Object, java.lang.Object, java.lang.Object, long, java.lang.Object)'> (0x000000060e49bf90) 
thrown [s\open\src\hotspot\share\interpreter\linkResolver.cpp, line 774]
Event: 15.322 Thread 0x0000023b0acc9ee0 Exception <a 'java/lang/NoSuchMethodError'{0x000000060e4a0308}: 'java.lang.Object java.lang.invoke.DirectMethodHandle$Holder.invokeSpecial(java.lang.Object, java.lang.Object, java.lang.Object, java.lang.Object, java.lang.Object, long, java.lang.Object)'> (0x000000060e4a0308) 
thrown [s\open\src\hotspot\share\interpreter\linkResolver.cpp, line 774]
Event: 288.943 Thread 0x0000023b0acc9ee0 Implicit null exception at 0x0000023ab052039d to 0x0000023ab0521d60
Event: 288.955 Thread 0x0000023b0acc9ee0 Exception <a 'java/io/IOException'{0x000000065578db00}> (0x000000065578db00) 
thrown [s\open\src\hotspot\share\prims\jni.cpp, line 520]
Event: 314.708 Thread 0x0000023b0acc9ee0 Exception <a 'java/lang/NoSuchMethodError'{0x000000065571b670}: 'java.lang.Object java.lang.invoke.DirectMethodHandle$Holder.invokeStatic(java.lang.Object, int, java.lang.Object)'> (0x000000065571b670) 
thrown [s\open\src\hotspot\share\interpreter\linkResolver.cpp, line 774]
Event: 317.009 Thread 0x0000023b0acc9ee0 Exception <a 'java/lang/NoSuchMethodError'{0x00000006556b18d0}: 'java.lang.Object java.lang.invoke.DirectMethodHandle$Holder.invokeStatic(java.lang.Object, int, int, java.lang.Object)'> (0x00000006556b18d0) 
thrown [s\open\src\hotspot\share\interpreter\linkResolver.cpp, line 774]
Event: 317.044 Thread 0x0000023b0acc9ee0 Exception <a 'java/lang/NoSuchMethodError'{0x00000006551db7a0}: 'java.lang.Object java.lang.invoke.DirectMethodHandle$Holder.invokeStatic(java.lang.Object, java.lang.Object, int, java.lang.Object, java.lang.Object)'> (0x00000006551db7a0) 
thrown [s\open\src\hotspot\share\interpreter\linkResolver.cpp, line 774]

ZGC Phase Switch (0 events):
No events

VM Operations (20 events):
Event: 305.072 Executing VM operation: Cleanup done
Event: 306.072 Executing VM operation: Cleanup
Event: 306.072 Executing VM operation: Cleanup done
Event: 307.073 Executing VM operation: Cleanup
Event: 307.073 Executing VM operation: Cleanup done
Event: 315.043 Executing VM operation: G1TryInitiateConcMark (G1 Humongous Allocation)
Event: 315.045 Executing VM operation: G1TryInitiateConcMark (G1 Humongous Allocation) done
Event: 316.046 Executing VM operation: Cleanup
Event: 316.046 Executing VM operation: Cleanup done
Event: 316.568 Executing VM operation: G1TryInitiateConcMark (G1 Humongous Allocation)
Event: 316.572 Executing VM operation: G1TryInitiateConcMark (G1 Humongous Allocation) done
Event: 316.911 Executing VM operation: G1TryInitiateConcMark (G1 Humongous Allocation)
Event: 316.915 Executing VM operation: G1TryInitiateConcMark (G1 Humongous Allocation) done
Event: 316.984 Executing VM operation: G1TryInitiateConcMark (G1 Humongous Allocation)
Event: 316.987 Executing VM operation: G1TryInitiateConcMark (G1 Humongous Allocation) done
Event: 317.085 Executing VM operation: G1TryInitiateConcMark (G1 Humongous Allocation)
Event: 317.089 Executing VM operation: G1TryInitiateConcMark (G1 Humongous Allocation) done
Event: 317.114 Executing VM operation: G1TryInitiateConcMark (G1 Humongous Allocation)
Event: 317.117 Executing VM operation: G1TryInitiateConcMark (G1 Humongous Allocation) done
Event: 317.128 Executing VM operation: G1TryInitiateConcMark (G1 Humongous Allocation)

Memory protections (0 events):
No events

Nmethod flushes (20 events):
Event: 285.430 Thread 0x0000023ac1cedc80 flushing  nmethod 0x0000023aa8a2f710
Event: 285.430 Thread 0x0000023ac1cedc80 flushing  nmethod 0x0000023aa8a34290
Event: 285.430 Thread 0x0000023ac1cedc80 flushing  nmethod 0x0000023aa8a95890
Event: 285.430 Thread 0x0000023ac1cedc80 flushing  nmethod 0x0000023aa8a96690
Event: 285.430 Thread 0x0000023ac1cedc80 flushing  nmethod 0x0000023aa8a9a310
Event: 285.430 Thread 0x0000023ac1cedc80 flushing  nmethod 0x0000023aa8a9a910
Event: 285.430 Thread 0x0000023ac1cedc80 flushing  nmethod 0x0000023aa8a9ef90
Event: 285.430 Thread 0x0000023ac1cedc80 flushing  nmethod 0x0000023aa8a9f910
Event: 285.430 Thread 0x0000023ac1cedc80 flushing  nmethod 0x0000023aa8bb5810
Event: 285.430 Thread 0x0000023ac1cedc80 flushing  nmethod 0x0000023aa8bb7910
Event: 285.430 Thread 0x0000023ac1cedc80 flushing  nmethod 0x0000023aa8c2fe90
Event: 285.430 Thread 0x0000023ac1cedc80 flushing  nmethod 0x0000023aa8d99f10
Event: 285.430 Thread 0x0000023ac1cedc80 flushing  nmethod 0x0000023aa8c26e90
Event: 285.430 Thread 0x0000023ac1cedc80 flushing  nmethod 0x0000023aa8ce5f90
Event: 285.430 Thread 0x0000023ac1cedc80 flushing  nmethod 0x0000023aa8ce6f90
Event: 285.430 Thread 0x0000023ac1cedc80 flushing  nmethod 0x0000023aa8ce7c90
Event: 285.430 Thread 0x0000023ac1cedc80 flushing  nmethod 0x0000023aa8dae610
Event: 285.430 Thread 0x0000023ac1cedc80 flushing  nmethod 0x0000023aa8daee10
Event: 285.430 Thread 0x0000023ac1cedc80 flushing  nmethod 0x0000023aa8daf690
Event: 285.430 Thread 0x0000023ac1cedc80 flushing  nmethod 0x0000023aa8dafe10

Events (20 events):
Event: 8.835 Thread 0x0000023b0acc9ee0 Thread added: 0x0000023b0b0225b0
Event: 10.961 Thread 0x0000023b0ac98550 Thread added: 0x0000023b0b01c340
Event: 15.028 Thread 0x0000023ac48d3930 Thread added: 0x0000023b0cd278f0
Event: 15.028 Thread 0x0000023ac48d3930 Thread added: 0x0000023b0d233180
Event: 15.712 Thread 0x0000023b0b021890 Thread added: 0x0000023b0b0204e0
Event: 20.813 Thread 0x0000023b0d233180 Thread exited: 0x0000023b0d233180
Event: 23.157 Thread 0x0000023b0cd278f0 Thread exited: 0x0000023b0cd278f0
Event: 31.764 Thread 0x0000023b0ac97830 Thread exited: 0x0000023b0ac97830
Event: 135.728 Thread 0x0000023b0b0225b0 Thread exited: 0x0000023b0b0225b0
Event: 203.166 Thread 0x0000023b0ac98550 Thread exited: 0x0000023b0ac98550
Event: 263.171 Thread 0x0000023b0acc9870 Thread exited: 0x0000023b0acc9870
Event: 284.840 Thread 0x0000023b0b0204e0 Thread added: 0x0000023b0b01d060
Event: 286.703 Thread 0x0000023b0acc9200 Thread added: 0x0000023b0b01d6f0
Event: 286.712 Thread 0x0000023b0acca550 Thread added: 0x0000023b0b020b70
Event: 287.421 Thread 0x0000023b0ac97ec0 Thread added: 0x0000023b0b021200
Event: 288.956 Thread 0x0000023b0acc9ee0 Thread added: 0x0000023b0b01f130
Event: 314.730 Thread 0x0000023ac48d2d50 Thread added: 0x0000023b0b04bca0
Event: 314.734 Thread 0x0000023b0b04bca0 Thread added: 0x0000023b0bda9830
Event: 315.003 Thread 0x0000023b0bda9830 Thread exited: 0x0000023b0bda9830
Event: 315.003 Thread 0x0000023b0b04bca0 Thread exited: 0x0000023b0b04bca0


Dynamic libraries:
0x00007ff78a400000 - 0x00007ff78a40e000 	C:\Users\ahmad\.jdks\openjdk-22.0.2\bin\java.exe
0x00007ff8925d0000 - 0x00007ff8927e7000 	C:\WINDOWS\SYSTEM32\ntdll.dll
0x00007ff8922f0000 - 0x00007ff8923b4000 	C:\WINDOWS\System32\KERNEL32.DLL
0x00007ff88fa40000 - 0x00007ff88fded000 	C:\WINDOWS\System32\KERNELBASE.dll
0x00007ff88fdf0000 - 0x00007ff88ff01000 	C:\WINDOWS\System32\ucrtbase.dll
0x00007ff88c2c0000 - 0x00007ff88c2d7000 	C:\Users\ahmad\.jdks\openjdk-22.0.2\bin\jli.dll
0x00007ff87af10000 - 0x00007ff87af2b000 	C:\Users\ahmad\.jdks\openjdk-22.0.2\bin\VCRUNTIME140.dll
0x00007ff891610000 - 0x00007ff8917be000 	C:\WINDOWS\System32\USER32.dll
0x00007ff8711a0000 - 0x00007ff871433000 	C:\WINDOWS\WinSxS\amd64_microsoft.windows.common-controls_6595b64144ccf1df_6.0.22621.3672_none_2713b9d173822955\COMCTL32.dll
0x00007ff890210000 - 0x00007ff890236000 	C:\WINDOWS\System32\win32u.dll
0x00007ff891b60000 - 0x00007ff891c07000 	C:\WINDOWS\System32\msvcrt.dll
0x00007ff892090000 - 0x00007ff8920b9000 	C:\WINDOWS\System32\GDI32.dll
0x00007ff88f8f0000 - 0x00007ff88fa09000 	C:\WINDOWS\System32\gdi32full.dll
0x00007ff88ff90000 - 0x00007ff89002a000 	C:\WINDOWS\System32\msvcp_win.dll
0x00007ff8910d0000 - 0x00007ff891101000 	C:\WINDOWS\System32\IMM32.DLL
0x00007ff879550000 - 0x00007ff87955c000 	C:\Users\ahmad\.jdks\openjdk-22.0.2\bin\vcruntime140_1.dll
0x00007ff874450000 - 0x00007ff8744de000 	C:\Users\ahmad\.jdks\openjdk-22.0.2\bin\msvcp140.dll
0x00007fffb2ef0000 - 0x00007fffb3c39000 	C:\Users\ahmad\.jdks\openjdk-22.0.2\bin\server\jvm.dll
0x00007ff890cd0000 - 0x00007ff890d82000 	C:\WINDOWS\System32\ADVAPI32.dll
0x00007ff891560000 - 0x00007ff891609000 	C:\WINDOWS\System32\sechost.dll
0x00007ff88fa10000 - 0x00007ff88fa38000 	C:\WINDOWS\System32\bcrypt.dll
0x00007ff8923c0000 - 0x00007ff8924d4000 	C:\WINDOWS\System32\RPCRT4.dll
0x00007ff890ff0000 - 0x00007ff891061000 	C:\WINDOWS\System32\WS2_32.dll
0x00007ff87cc50000 - 0x00007ff87cc5a000 	C:\WINDOWS\SYSTEM32\VERSION.dll
0x00007ff885bf0000 - 0x00007ff885c24000 	C:\WINDOWS\SYSTEM32\WINMM.dll
0x00007ff88f7b0000 - 0x00007ff88f7fd000 	C:\WINDOWS\SYSTEM32\POWRPROF.dll
0x00007ff88f790000 - 0x00007ff88f7a3000 	C:\WINDOWS\SYSTEM32\UMPDC.dll
0x00007ff88e8e0000 - 0x00007ff88e8f8000 	C:\WINDOWS\SYSTEM32\kernel.appcore.dll
0x00007ff879540000 - 0x00007ff87954a000 	C:\Users\ahmad\.jdks\openjdk-22.0.2\bin\jimage.dll
0x00007ff88d2a0000 - 0x00007ff88d4d2000 	C:\WINDOWS\SYSTEM32\DBGHELP.DLL
0x00007ff8917d0000 - 0x00007ff891b5d000 	C:\WINDOWS\System32\combase.dll
0x00007ff8920f0000 - 0x00007ff8921c7000 	C:\WINDOWS\System32\OLEAUT32.dll
0x00007ff87cbc0000 - 0x00007ff87cbf2000 	C:\WINDOWS\SYSTEM32\dbgcore.DLL
0x00007ff88ff10000 - 0x00007ff88ff8b000 	C:\WINDOWS\System32\bcryptPrimitives.dll
0x00007ff879430000 - 0x00007ff87943f000 	C:\Users\ahmad\.jdks\openjdk-22.0.2\bin\instrument.dll
0x00007ff879510000 - 0x00007ff87952e000 	C:\Users\ahmad\.jdks\openjdk-22.0.2\bin\java.dll
0x00007ff890300000 - 0x00007ff890b68000 	C:\WINDOWS\System32\SHELL32.dll
0x00007ff890d90000 - 0x00007ff890f35000 	C:\WINDOWS\System32\ole32.dll
0x00007ff88d7f0000 - 0x00007ff88e0ee000 	C:\WINDOWS\SYSTEM32\windows.storage.dll
0x00007ff88d6b0000 - 0x00007ff88d7ef000 	C:\WINDOWS\SYSTEM32\wintypes.dll
0x00007ff8921d0000 - 0x00007ff8922c9000 	C:\WINDOWS\System32\SHCORE.dll
0x00007ff891070000 - 0x00007ff8910ce000 	C:\WINDOWS\System32\shlwapi.dll
0x00007ff88f820000 - 0x00007ff88f841000 	C:\WINDOWS\SYSTEM32\profapi.dll
0x00007ff870b20000 - 0x00007ff870bf7000 	C:\Users\ahmad\.jdks\openjdk-22.0.2\bin\jsvml.dll
0x00007ff879380000 - 0x00007ff879397000 	C:\Users\ahmad\.jdks\openjdk-22.0.2\bin\zip.dll
0x00007ff8793c0000 - 0x00007ff8793d0000 	C:\Users\ahmad\.jdks\openjdk-22.0.2\bin\net.dll
0x00007ff88ed40000 - 0x00007ff88eda9000 	C:\WINDOWS\system32\mswsock.dll
0x00007ff8793a0000 - 0x00007ff8793b6000 	C:\Users\ahmad\.jdks\openjdk-22.0.2\bin\nio.dll
0x00007ff879360000 - 0x00007ff87937a000 	C:\Program Files\JetBrains\IntelliJ IDEA 2024.2\bin\breakgen64.dll
0x00007ff879350000 - 0x00007ff879359000 	C:\Users\ahmad\.jdks\openjdk-22.0.2\bin\extnet.dll
0x00007ff858fb0000 - 0x00007ff858fc0000 	C:\Users\ahmad\.jdks\openjdk-22.0.2\bin\verify.dll
0x00007ff85d470000 - 0x00007ff85d47e000 	C:\Users\ahmad\.jdks\openjdk-22.0.2\bin\sunmscapi.dll
0x00007ff890030000 - 0x00007ff890197000 	C:\WINDOWS\System32\CRYPT32.dll
0x00007ff88f190000 - 0x00007ff88f1be000 	C:\WINDOWS\SYSTEM32\ncrypt.dll
0x00007ff88f150000 - 0x00007ff88f187000 	C:\WINDOWS\SYSTEM32\NTASN1.dll
0x00007ff85cef0000 - 0x00007ff85cef8000 	C:\WINDOWS\system32\wshunix.dll
0x00007ff88f090000 - 0x00007ff88f0ab000 	C:\WINDOWS\SYSTEM32\CRYPTSP.dll
0x00007ff88e840000 - 0x00007ff88e875000 	C:\WINDOWS\system32\rsaenh.dll
0x00007ff88ede0000 - 0x00007ff88ee08000 	C:\WINDOWS\SYSTEM32\USERENV.dll
0x00007ff88f070000 - 0x00007ff88f07c000 	C:\WINDOWS\SYSTEM32\CRYPTBASE.dll
0x00007ff88e340000 - 0x00007ff88e36d000 	C:\WINDOWS\SYSTEM32\IPHLPAPI.DLL
0x00007ff8917c0000 - 0x00007ff8917c9000 	C:\WINDOWS\System32\NSI.dll
0x00007ff879190000 - 0x00007ff87919a000 	C:\Users\ahmad\.jdks\openjdk-22.0.2\bin\management.dll
0x00007ff879180000 - 0x00007ff87918b000 	C:\Users\ahmad\.jdks\openjdk-22.0.2\bin\management_ext.dll
0x00007ff8920c0000 - 0x00007ff8920c8000 	C:\WINDOWS\System32\PSAPI.DLL

dbghelp: loaded successfully - version: 4.0.5 - missing functions: none
symbol engine: initialized successfully - sym options: 0x614 - pdb path: .;C:\Users\ahmad\.jdks\openjdk-22.0.2\bin;C:\WINDOWS\SYSTEM32;C:\WINDOWS\WinSxS\amd64_microsoft.windows.common-controls_6595b64144ccf1df_6.0.22621.3672_none_2713b9d173822955;C:\Users\ahmad\.jdks\openjdk-22.0.2\bin\server;C:\Program Files\JetBrains\IntelliJ IDEA 2024.2\bin

VM Arguments:
jvm_args: -javaagent:C:\Program Files\JetBrains\IntelliJ IDEA 2024.2\lib\idea_rt.jar=55286:C:\Program Files\JetBrains\IntelliJ IDEA 2024.2\bin -Dfile.encoding=UTF-8 -Dsun.stdout.encoding=UTF-8 -Dsun.stderr.encoding=UTF-8 
java_command: org.example.App
java_class_path (initial): C:\Users\ahmad\IdeaProjects\twitterClone\target\classes;C:\Users\ahmad\.m2\repository\org\flywaydb\flyway-core\10.17.0\flyway-core-10.17.0.jar;C:\Users\ahmad\.m2\repository\com\fasterxml\jackson\dataformat\jackson-dataformat-toml\2.15.2\jackson-dataformat-toml-2.15.2.jar;C:\Users\ahmad\.m2\repository\com\fasterxml\jackson\core\jackson-databind\2.15.2\jackson-databind-2.15.2.jar;C:\Users\ahmad\.m2\repository\com\fasterxml\jackson\core\jackson-annotations\2.15.2\jackson-annotations-2.15.2.jar;C:\Users\ahmad\.m2\repository\com\fasterxml\jackson\core\jackson-core\2.15.2\jackson-core-2.15.2.jar;C:\Users\ahmad\.m2\repository\com\google\code\gson\gson\2.10.1\gson-2.10.1.jar;C:\Users\ahmad\.m2\repository\org\flywaydb\flyway-database-postgresql\10.7.1\flyway-database-postgresql-10.7.1.jar;C:\Users\ahmad\.m2\repository\io\javalin\javalin\6.1.6\javalin-6.1.6.jar;C:\Users\ahmad\.m2\repository\org\eclipse\jetty\jetty-server\11.0.20\jetty-server-11.0.20.jar;C:\Users\ahmad\.m2\repository\org\eclipse\jetty\jetty-http\11.0.20\jetty-http-11.0.20.jar;C:\Users\ahmad\.m2\repository\org\eclipse\jetty\jetty-util\11.0.20\jetty-util-11.0.20.jar;C:\Users\ahmad\.m2\repository\org\eclipse\jetty\jetty-io\11.0.20\jetty-io-11.0.20.jar;C:\Users\ahmad\.m2\repository\org\eclipse\jetty\toolchain\jetty-jakarta-servlet-api\5.0.2\jetty-jakarta-servlet-api-5.0.2.jar;C:\Users\ahmad\.m2\repository\org\eclipse\jetty\websocket\websocket-jetty-server\11.0.20\websocket-jetty-server-11.0.20.jar;C:\Users\ahmad\.m2\repository\org\eclipse\jetty\jetty-servlet\11.0.20\jetty-servlet-11.0.20.jar;C:\Users\ahmad\.m2\repository\org\eclipse\jetty\jetty-security\11.0.20\jetty-security-11.0.20.jar;C:\Users\ahmad\.m2\repository\org\eclipse\jetty\jetty-webapp\11.0.20\jetty-webapp-11.0.20.jar;C:\Users\ahmad\.m2\repository\org\eclipse\jetty\jetty-xml\11.0.20\jetty-xml-11.0.20.jar;C:\Users\ahmad\.m2\repository\org\eclipse\jetty\websocket\websocket-jetty-api\11.0.20\websocket-jetty-api-11.0.20.jar;C:\Users\ahmad\.m2\repository\org\eclipse\jetty\websocket\websocket-jetty-common\11.0.20\websocket-jetty-common-11.0.20.jar;C:\Users\ahmad\.m2\repository\org\eclipse\jetty\websocket\websocket-core-common\11.0.20\websocket-core-common-11.0.20.jar;C:\Users\ahmad\.m2\repository\org\eclipse\jetty\websocket\websocket-servlet\11.0.20\websocket-servlet-11.0.20.jar;C:\Users\ahmad\.m2\repository\org\eclipse\jetty\websocket\websocket-core-server\11.0.20\websocket-core-server-11.0.20.jar;C:\Users\ahmad\.m2\repository\org\jetbrains\kotlin\kotlin-stdlib-jdk8\1.9.23\kotlin-stdlib-jdk8-1.9.23.jar;C:\Users\ahmad\.m2\repository\org\jetbrains\kotlin\kotlin-stdlib\1.9.23\kotlin-stdlib-1.9.23.jar;C:\Users\ahmad\.m2\repository\org\jetbrains\annotations\13.0\annotations-13.0.jar;C:\Users\ahmad\.m2\repository\org\jetbrains\kotlin\kotlin-stdlib-jdk7\1.9.23\kotlin-stdlib-jdk7-1.9.23.jar;C:\Users\ahmad\.m2\repository\org\jdbi\jdbi3-core\3.45.1\jdbi3-core-3.45.1.jar;C:\Users\ahmad\.m2\repository\io\leangen\geantyref\geantyref\1.3.15\geantyref-1.3.15.jar;C:\Users\ahmad\.m2\repository\org\jdbi\jdbi3-sqlobject\3.27.0\jdbi3-sqlobject-3.27.0.jar;C:\Users\ahmad\.m2\repository\org\jdbi\jdbi3-postgres\3.45.2\jdbi3-postgres-3.45.2.jar;C:\Users\ahmad\.m2\repository\io\javalin\javalin-rendering\6.1.6\javalin-rendering-6.1.6.jar;C:\Users\ahmad\.m2\repository\org\thymeleaf\thymeleaf\3.0.15.RELEASE\thymeleaf-3.0.15.RELEASE.jar;C:\Users\ahmad\.m2\repository\ognl\ognl\3.1.26\ognl-3.1.26.jar;C:\Users\ahmad\.m2\repository\org\javassist\javassist\3.20.0-GA\javassist-3.20.0-GA.jar;C:\Users\ahmad\.m2\repository\org\attoparser\attoparser\2.0.5.RELEASE\attoparser-2.0.5.RELEASE.jar;C:\Users\ahmad\.m2\repository\org\unbescape\unbescape\1.1.6.RELEASE\unbescape-1.1.6.RELEASE.jar;C:\Users\ahmad\.m2\repository\org\thymeleaf\thymeleaf-spring5\3.0.15.RELEASE\thymeleaf-spring5-3.0.15.RELEASE.jar;C:\Users\ahmad\.m2\repository\org\webjars\npm\htmx.org\2.0.0\htmx.org-2.0.0.jar;C:\Users\ahmad\.m2\repository\com\google\inject\guice\5.0.1\guice-5.0.1.jar;C:\Users\ahmad\.m2\repository\javax\inject\javax.inject\1\javax.inject-1.jar;C:\Users\ahmad\.m2\repository\aopalliance\aopalliance\1.0\aopalliance-1.0.jar;C:\Users\ahmad\.m2\repository\com\google\guava\guava\30.1-jre\guava-30.1-jre.jar;C:\Users\ahmad\.m2\repository\com\google\guava\failureaccess\1.0.1\failureaccess-1.0.1.jar;C:\Users\ahmad\.m2\repository\com\google\guava\listenablefuture\9999.0-empty-to-avoid-conflict-with-guava\listenablefuture-9999.0-empty-to-avoid-conflict-with-guava.jar;C:\Users\ahmad\.m2\repository\com\google\code\findbugs\jsr305\3.0.2\jsr305-3.0.2.jar;C:\Users\ahmad\.m2\repository\com\google\errorprone\error_prone_annotations\2.3.4\error_prone_annotations-2.3.4.jar;C:\Users\ahmad\.m2\repository\com\google\j2objc\j2objc-annotations\1.3\j2objc-annotations-1.3.jar;C:\Users\ahmad\.m2\repository\org\webjars\bootstrap\5.3.3\bootstrap-5.3.3.jar;C:\Users\ahmad\.m2\repository\com\typesafe\config\1.4.3\config-1.4.3.jar;C:\Users\ahmad\.m2\repository\com\zaxxer\HikariCP\5.0.1\HikariCP-5.0.1.jar;C:\Users\ahmad\.m2\repository\org\slf4j\slf4j-api\2.0.0\slf4j-api-2.0.0.jar;C:\Users\ahmad\.m2\repository\org\slf4j\slf4j-simple\2.0.0\slf4j-simple-2.0.0.jar;C:\Users\ahmad\.m2\repository\io\pebbletemplates\pebble\3.1.5\pebble-3.1.5.jar;C:\Users\ahmad\.m2\repository\org\mindrot\jbcrypt\0.4\jbcrypt-0.4.jar;C:\Users\ahmad\.m2\repository\org\postgresql\postgresql\42.6.0\postgresql-42.6.0.jar;C:\Users\ahmad\.m2\repository\org\checkerframework\checker-qual\3.31.0\checker-qual-3.31.0.jar
Launcher Type: SUN_STANDARD

[Global flags]
     intx CICompilerCount                          = 4                                         {product} {ergonomic}
     uint ConcGCThreads                            = 3                                         {product} {ergonomic}
     uint G1ConcRefinementThreads                  = 10                                        {product} {ergonomic}
   size_t G1HeapRegionSize                         = 4194304                                   {product} {ergonomic}
   size_t InitialHeapSize                          = 524288000                                 {product} {ergonomic}
   size_t MarkStackSize                            = 4194304                                   {product} {ergonomic}
   size_t MaxHeapSize                              = 8380219392                                {product} {ergonomic}
   size_t MaxNewSize                               = 5024776192                                {product} {ergonomic}
   size_t MinHeapDeltaBytes                        = 4194304                                   {product} {ergonomic}
   size_t MinHeapSize                              = 8388608                                   {product} {ergonomic}
    uintx NonNMethodCodeHeapSize                   = 5839372                                {pd product} {ergonomic}
    uintx NonProfiledCodeHeapSize                  = 122909434                              {pd product} {ergonomic}
    uintx ProfiledCodeHeapSize                     = 122909434                              {pd product} {ergonomic}
    uintx ReservedCodeCacheSize                    = 251658240                              {pd product} {ergonomic}
     bool SegmentedCodeCache                       = true                                      {product} {ergonomic}
   size_t SoftMaxHeapSize                          = 8380219392                             {manageable} {ergonomic}
     bool UseCompressedOops                        = true                           {product lp64_product} {ergonomic}
     bool UseG1GC                                  = true                                      {product} {ergonomic}
     bool UseLargePagesIndividualAllocation        = false                                  {pd product} {ergonomic}

Logging:
Log output configuration:
 #0: stdout all=warning uptime,level,tags foldmultilines=false
 #1: stderr all=off uptime,level,tags foldmultilines=false

Environment Variables:
JAVA_HOME=C:\Program Files\Java\jdk-18.0.2.1\bin\jdk-18.0.2.1
PATH=;d:\flutter_3.10.6\flutter\bin;C:\Program Files\Java\jdk-18.0.2.1\bin;C:\Python311\Scripts\;C:\Python311\;C:\Program Files\Common Files\Oracle\Java\javapath;C:\WINDOWS\system32;C:\WINDOWS;C:\WINDOWS\System32\Wbem;C:\WINDOWS\System32\WindowsPowerShell\v1.0\;C:\WINDOWS\System32\OpenSSH\;C:\Program Files\Microsoft VS Code\bin;C:\Program Files (x86)\Microsoft SQL Server\160\DTS\Binn\;C:\Program Files\Azure Data Studio\bin;C:\ProgramData\chocolatey\bin;C:\Program Files\Microsoft SQL Server\150\Tools\Binn\;C:\Program Files\Microsoft SQL Server\Client SDK\ODBC\170\Tools\Binn\;C:\Program Files\dotnet\;C:\Users\ahmad\AppData\Local\Pub\Cache\bin;%QUARTUS_ROOTDIR%\bin;C:\python-3.11.6-embed-amd64;C:\python-3.11.6-embed-amd64\Scripts;C:\Program Files\Git LFS;C:\Program Files\Git\cmd;C:\Program Files\nodejs\;;C:\Program Files\Docker\Docker\resources\bin;C:\Users\ahmad\miniconda3;C:\Users\ahmad\miniconda3\Library\mingw-w64\bin;C:\Users\ahmad\miniconda3\Library\usr\bin;C:\Users\ahmad\miniconda3\Library\bin;C:\Users\ahmad\miniconda3\Scripts;d:\flutter_3.10.6\flutter\bin;C:\Users\ahmad\AppData\Local\Pub\Cache\bin;C:\Program Files\MySQL\MySQL Shell 8.0\bin\;C:\Users\ahmad\AppData\Local\Microsoft\WindowsApps;C:\Program Files\Azure Data Studio\bin;C:\Users\ahmad\AppData\Local\GitHubDesktop\bin;C:\Program Files\JetBrains\PyCharm 2023.2\bin;;C:\Users\ahmad\AppData\Local\Programs\Microsoft VS Code\bin;C:\Users\ahmad\.dotnet\tools;C:\Users\ahmad\AppData\Roaming\npm;C:\Program Files\JetBrains\IntelliJ IDEA 2024.2\bin;
USERNAME=ahmad
OS=Windows_NT
PROCESSOR_IDENTIFIER=Intel64 Family 6 Model 154 Stepping 4, GenuineIntel
TMP=C:\Users\ahmad\AppData\Local\Temp
TEMP=C:\Users\ahmad\AppData\Local\Temp




Periodic native trim disabled

---------------  S Y S T E M  ---------------

OS:
 Windows 11 , 64 bit Build 22621 (10.0.22621.3958)
OS uptime: 4 days 7:23 hours
Hyper-V role detected

CPU: total 12 (initial active 12) (6 cores per cpu, 2 threads per core) family 6 model 154 stepping 4 microcode 0x433, cx8, cmov, fxsr, ht, mmx, 3dnowpref, sse, sse2, sse3, ssse3, sse4.1, sse4.2, popcnt, lzcnt, tsc, tscinvbit, avx, avx2, aes, erms, clmul, bmi1, bmi2, adx, sha, fma, vzeroupper, clflush, clflushopt, clwb, hv, serialize, rdtscp, rdpid, fsrm, f16c, cet_ibt, cet_ss
Processor Information for processor 0
  Max Mhz: 1700, Current Mhz: 1700, Mhz Limit: 1700
Processor Information for processor 1
  Max Mhz: 1700, Current Mhz: 1700, Mhz Limit: 1700
Processor Information for processor 2
  Max Mhz: 1700, Current Mhz: 1700, Mhz Limit: 1700
Processor Information for processor 3
  Max Mhz: 1700, Current Mhz: 1700, Mhz Limit: 1700
Processor Information for processor 4
  Max Mhz: 1700, Current Mhz: 1700, Mhz Limit: 1700
Processor Information for processor 5
  Max Mhz: 1700, Current Mhz: 1700, Mhz Limit: 1700
Processor Information for processor 6
  Max Mhz: 1700, Current Mhz: 1700, Mhz Limit: 1700
Processor Information for processor 7
  Max Mhz: 1700, Current Mhz: 1700, Mhz Limit: 1700
Processor Information for processor 8
  Max Mhz: 1700, Current Mhz: 1700, Mhz Limit: 1700
Processor Information for processor 9
  Max Mhz: 1700, Current Mhz: 1558, Mhz Limit: 1700
Processor Information for processor 10
  Max Mhz: 1700, Current Mhz: 1700, Mhz Limit: 1700
Processor Information for processor 11
  Max Mhz: 1700, Current Mhz: 1700, Mhz Limit: 1700

Memory: 4k page, system-wide physical 31952M (4196M free)
TotalPageFile size 41885M (AvailPageFile size 704M)
current process WorkingSet (physical memory assigned to process): 801M, peak: 801M
current process commit charge ("private bytes"): 1340M, peak: 2208M

vm_info: OpenJDK 64-Bit Server VM (22.0.2+9-70) for windows-amd64 JRE (22.0.2+9-70), built on 2024-06-04T16:52:23Z by "mach5one" with MS VC++ 17.6 (VS2022)

END.
